This is pdfTeX, Version 3.141592653-2.6-1.40.22 (TeX Live 2021/nixos.org) (preloaded format=pdflatex 1980.1.1)  30 OCT 2022 12:07
entering extended mode
 restricted \write18 enabled.
 %&-line parsing enabled.
**/Users/rucycarneiro/Dev/Latex/paberid/b2bdatalog/b2bdatalog.tex
(/Users/rucycarneiro/Dev/Latex/paberid/b2bdatalog/b2bdatalog.tex
LaTeX2e <2021-11-15> patch level 1
L3 programming layer <2022-02-24> (./acmart.cls
Document Class: acmart 2022/08/27 v1.87 Typesetting articles for the Associatio
n for Computing Machinery

(/nix/store/i0cbdkq85sfl53m8ax25wqikvpzlpngs-texlive-combined-full-2021-final/s
hare/texmf/tex/latex/xkeyval/xkeyval.sty
Package: xkeyval 2020/11/20 v2.8 package option processing (HA)

(/nix/store/i0cbdkq85sfl53m8ax25wqikvpzlpngs-texlive-combined-full-2021-final/s
hare/texmf/tex/generic/xkeyval/xkeyval.tex
(/nix/store/i0cbdkq85sfl53m8ax25wqikvpzlpngs-texlive-combined-full-2021-final/s
hare/texmf/tex/generic/xkeyval/xkvutils.tex
\XKV@toks=\toks16
\XKV@tempa@toks=\toks17

(/nix/store/i0cbdkq85sfl53m8ax25wqikvpzlpngs-texlive-combined-full-2021-final/s
hare/texmf/tex/generic/xkeyval/keyval.tex))
\XKV@depth=\count185
File: xkeyval.tex 2014/12/03 v2.7a key=value parser (HA)
))
(/nix/store/i0cbdkq85sfl53m8ax25wqikvpzlpngs-texlive-combined-full-2021-final/s
hare/texmf/tex/generic/xstring/xstring.sty
(/nix/store/i0cbdkq85sfl53m8ax25wqikvpzlpngs-texlive-combined-full-2021-final/s
hare/texmf/tex/generic/xstring/xstring.tex
\integerpart=\count186
\decimalpart=\count187
)
Package: xstring 2021/07/21 v1.84 String manipulations (CT)
)
(/nix/store/i0cbdkq85sfl53m8ax25wqikvpzlpngs-texlive-combined-full-2021-final/s
hare/texmf/tex/generic/iftex/iftex.sty
Package: iftex 2022/02/03 v1.0f TeX engine tests
)
Package acmart Info: Not using screen mode on input line 76.
Package acmart Info: Using breaking urls on hyphens on input line 84.
Package acmart Info: Requiring acmthm on input line 92.
Package acmart Info: Not using review mode on input line 101.
Package acmart Info: Not using authorversion mode on input line 109.
Package acmart Info: Not using nonacm mode on input line 121.
Package acmart Info: Explicitly selecting natbib mode on input line 137.
Package acmart Info: Not using anonymous mode on input line 145.
Package acmart Info: Not using timestamp mode on input line 153.
Package acmart Info: Not using authordraft mode on input line 163.
Package acmart Info: Using screen mode on input line 178.
Package acmart Info: Using review mode on input line 178.
Class acmart Info: Using format manuscript, number 0 on input line 178.
Class acmart Info: Using fontsize 9pt on input line 277.

(/nix/store/i0cbdkq85sfl53m8ax25wqikvpzlpngs-texlive-combined-full-2021-final/s
hare/texmf/tex/latex/amscls/amsart.cls
Document Class: amsart 2020/05/29 v2.20.6
\linespacing=\dimen138
\normalparindent=\dimen139
\normaltopskip=\skip47

(/nix/store/i0cbdkq85sfl53m8ax25wqikvpzlpngs-texlive-combined-full-2021-final/s
hare/texmf/tex/latex/amsmath/amsmath.sty
Package: amsmath 2021/10/15 v2.17l AMS math features
\@mathmargin=\skip48

For additional information on amsmath, use the `?' option.

(/nix/store/i0cbdkq85sfl53m8ax25wqikvpzlpngs-texlive-combined-full-2021-final/s
hare/texmf/tex/latex/amsmath/amstext.sty
Package: amstext 2021/08/26 v2.01 AMS text

(/nix/store/i0cbdkq85sfl53m8ax25wqikvpzlpngs-texlive-combined-full-2021-final/s
hare/texmf/tex/latex/amsmath/amsgen.sty
File: amsgen.sty 1999/11/30 v2.0 generic functions
\@emptytoks=\toks18
\ex@=\dimen140
))
(/nix/store/i0cbdkq85sfl53m8ax25wqikvpzlpngs-texlive-combined-full-2021-final/s
hare/texmf/tex/latex/amsmath/amsbsy.sty
Package: amsbsy 1999/11/29 v1.2d Bold Symbols
\pmbraise@=\dimen141
)
(/nix/store/i0cbdkq85sfl53m8ax25wqikvpzlpngs-texlive-combined-full-2021-final/s
hare/texmf/tex/latex/amsmath/amsopn.sty
Package: amsopn 2021/08/26 v2.02 operator names
)
\inf@bad=\count188
LaTeX Info: Redefining \frac on input line 234.
\uproot@=\count189
\leftroot@=\count190
LaTeX Info: Redefining \overline on input line 399.
\classnum@=\count191
\DOTSCASE@=\count192
LaTeX Info: Redefining \ldots on input line 496.
LaTeX Info: Redefining \dots on input line 499.
LaTeX Info: Redefining \cdots on input line 620.
\Mathstrutbox@=\box50
\strutbox@=\box51
\big@size=\dimen142
LaTeX Font Info:    Redeclaring font encoding OML on input line 743.
LaTeX Font Info:    Redeclaring font encoding OMS on input line 744.
\macc@depth=\count193
\c@MaxMatrixCols=\count194
\dotsspace@=\muskip16
\c@parentequation=\count195
\dspbrk@lvl=\count196
\tag@help=\toks19
\row@=\count197
\column@=\count198
\maxfields@=\count199
\andhelp@=\toks20
\eqnshift@=\dimen143
\alignsep@=\dimen144
\tagshift@=\dimen145
\tagwidth@=\dimen146
\totwidth@=\dimen147
\lineht@=\dimen148
\@envbody=\toks21
\multlinegap=\skip49
\multlinetaggap=\skip50
\mathdisplay@stack=\toks22
LaTeX Info: Redefining \[ on input line 2938.
LaTeX Info: Redefining \] on input line 2939.
)
LaTeX Font Info:    Trying to load font information for U+msa on input line 397
.

(/nix/store/i0cbdkq85sfl53m8ax25wqikvpzlpngs-texlive-combined-full-2021-final/s
hare/texmf/tex/latex/amsfonts/umsa.fd
File: umsa.fd 2013/01/14 v3.01 AMS symbols A
)
(/nix/store/i0cbdkq85sfl53m8ax25wqikvpzlpngs-texlive-combined-full-2021-final/s
hare/texmf/tex/latex/amsfonts/amsfonts.sty
Package: amsfonts 2013/01/14 v3.01 Basic AMSFonts support
\symAMSa=\mathgroup4
\symAMSb=\mathgroup5
LaTeX Font Info:    Redeclaring math symbol \hbar on input line 98.
LaTeX Font Info:    Overwriting math alphabet `\mathfrak' in version `bold'
(Font)                  U/euf/m/n --> U/euf/b/n on input line 106.
)
\copyins=\insert252
\abstractbox=\box52
\listisep=\skip51
\c@part=\count266
\c@section=\count267
\c@subsection=\count268
\c@subsubsection=\count269
\c@paragraph=\count270
\c@subparagraph=\count271
\c@figure=\count272
\c@table=\count273
\abovecaptionskip=\skip52
\belowcaptionskip=\skip53
\captionindent=\dimen149
\thm@style=\toks23
\thm@bodyfont=\toks24
\thm@headfont=\toks25
\thm@notefont=\toks26
\thm@headpunct=\toks27
\thm@preskip=\skip54
\thm@postskip=\skip55
\thm@headsep=\skip56
\dth@everypar=\toks28
)
(/nix/store/i0cbdkq85sfl53m8ax25wqikvpzlpngs-texlive-combined-full-2021-final/s
hare/texmf/tex/latex/microtype/microtype.sty
Package: microtype 2022/03/14 v3.0d Micro-typographical refinements (RS)

(/nix/store/i0cbdkq85sfl53m8ax25wqikvpzlpngs-texlive-combined-full-2021-final/s
hare/texmf/tex/latex/etoolbox/etoolbox.sty
Package: etoolbox 2020/10/05 v2.5k e-TeX tools for LaTeX (JAW)
\etb@tempcnta=\count274
)
\MT@toks=\toks29
\MT@tempbox=\box53
\MT@count=\count275
LaTeX Info: Redefining \noprotrusionifhmode on input line 1027.
LaTeX Info: Redefining \leftprotrusion on input line 1028.
LaTeX Info: Redefining \rightprotrusion on input line 1036.
LaTeX Info: Redefining \textls on input line 1195.
\MT@outer@kern=\dimen150
LaTeX Info: Redefining \textmicrotypecontext on input line 1781.
\MT@listname@count=\count276

(/nix/store/i0cbdkq85sfl53m8ax25wqikvpzlpngs-texlive-combined-full-2021-final/s
hare/texmf/tex/latex/microtype/microtype-pdftex.def
File: microtype-pdftex.def 2022/03/14 v3.0d Definitions specific to pdftex (RS)

LaTeX Info: Redefining \lsstyle on input line 900.
LaTeX Info: Redefining \lslig on input line 900.
\MT@outer@space=\skip57
)
Package microtype Info: Loading configuration file microtype.cfg.

(/nix/store/i0cbdkq85sfl53m8ax25wqikvpzlpngs-texlive-combined-full-2021-final/s
hare/texmf/tex/latex/microtype/microtype.cfg
File: microtype.cfg 2022/03/14 v3.0d microtype main configuration file (RS)
))
(/nix/store/i0cbdkq85sfl53m8ax25wqikvpzlpngs-texlive-combined-full-2021-final/s
hare/texmf/tex/latex/booktabs/booktabs.sty
Package: booktabs 2020/01/12 v1.61803398 Publication quality tables
\heavyrulewidth=\dimen151
\lightrulewidth=\dimen152
\cmidrulewidth=\dimen153
\belowrulesep=\dimen154
\belowbottomsep=\dimen155
\aboverulesep=\dimen156
\abovetopsep=\dimen157
\cmidrulesep=\dimen158
\cmidrulekern=\dimen159
\defaultaddspace=\dimen160
\@cmidla=\count277
\@cmidlb=\count278
\@aboverulesep=\dimen161
\@belowrulesep=\dimen162
\@thisruleclass=\count279
\@lastruleclass=\count280
\@thisrulewidth=\dimen163
)
(/nix/store/i0cbdkq85sfl53m8ax25wqikvpzlpngs-texlive-combined-full-2021-final/s
hare/texmf/tex/latex/refcount/refcount.sty
Package: refcount 2019/12/15 v3.6 Data extraction from label references (HO)

(/nix/store/i0cbdkq85sfl53m8ax25wqikvpzlpngs-texlive-combined-full-2021-final/s
hare/texmf/tex/generic/ltxcmds/ltxcmds.sty
Package: ltxcmds 2020-05-10 v1.25 LaTeX kernel commands for general use (HO)
)
(/nix/store/i0cbdkq85sfl53m8ax25wqikvpzlpngs-texlive-combined-full-2021-final/s
hare/texmf/tex/generic/infwarerr/infwarerr.sty
Package: infwarerr 2019/12/03 v1.5 Providing info/warning/error messages (HO)
))
(/nix/store/i0cbdkq85sfl53m8ax25wqikvpzlpngs-texlive-combined-full-2021-final/s
hare/texmf/tex/latex/totpages/totpages.sty
Package: totpages 2005/09/19 v2.00 Totpages Package (muewi)

(/nix/store/i0cbdkq85sfl53m8ax25wqikvpzlpngs-texlive-combined-full-2021-final/s
hare/texmf/tex/latex/everyshi/everyshi.sty
Package: everyshi 2020/11/18 v4.00 EveryShipout Package
))
(/nix/store/i0cbdkq85sfl53m8ax25wqikvpzlpngs-texlive-combined-full-2021-final/s
hare/texmf/tex/latex/environ/environ.sty
Package: environ 2014/05/04 v0.3 A new way to define environments

(/nix/store/i0cbdkq85sfl53m8ax25wqikvpzlpngs-texlive-combined-full-2021-final/s
hare/texmf/tex/latex/trimspaces/trimspaces.sty
Package: trimspaces 2009/09/17 v1.1 Trim spaces around a token list
))
(/nix/store/i0cbdkq85sfl53m8ax25wqikvpzlpngs-texlive-combined-full-2021-final/s
hare/texmf/tex/latex/setspace/setspace.sty
Package: setspace 2011/12/19 v6.7a set line spacing
)
(/nix/store/i0cbdkq85sfl53m8ax25wqikvpzlpngs-texlive-combined-full-2021-final/s
hare/texmf/tex/latex/textcase/textcase.sty
Package: textcase 2019/09/14 v1.00 Text only upper/lower case changing (DPC)
)
(/nix/store/i0cbdkq85sfl53m8ax25wqikvpzlpngs-texlive-combined-full-2021-final/s
hare/texmf/tex/latex/natbib/natbib.sty
Package: natbib 2010/09/13 8.31b (PWD, AO)
\bibhang=\skip58
\bibsep=\skip59
LaTeX Info: Redefining \cite on input line 694.
\c@NAT@ctr=\count281
)
(/nix/store/i0cbdkq85sfl53m8ax25wqikvpzlpngs-texlive-combined-full-2021-final/s
hare/texmf/tex/latex/hyperxmp/hyperxmp.sty
Package: hyperxmp 2020/11/22 v5.9 Store hyperref metadata in XMP format
\hyxmp@aep@toks=\toks30

(/nix/store/i0cbdkq85sfl53m8ax25wqikvpzlpngs-texlive-combined-full-2021-final/s
hare/texmf/tex/latex/kvoptions/kvoptions.sty
Package: kvoptions 2020-10-07 v3.14 Key value format for package options (HO)

(/nix/store/i0cbdkq85sfl53m8ax25wqikvpzlpngs-texlive-combined-full-2021-final/s
hare/texmf/tex/generic/kvsetkeys/kvsetkeys.sty
Package: kvsetkeys 2019/12/15 v1.18 Key value parser (HO)
))
(/nix/store/i0cbdkq85sfl53m8ax25wqikvpzlpngs-texlive-combined-full-2021-final/s
hare/texmf/tex/generic/pdfescape/pdfescape.sty
Package: pdfescape 2019/12/09 v1.15 Implements pdfTeX's escape features (HO)

(/nix/store/i0cbdkq85sfl53m8ax25wqikvpzlpngs-texlive-combined-full-2021-final/s
hare/texmf/tex/generic/pdftexcmds/pdftexcmds.sty
Package: pdftexcmds 2020-06-27 v0.33 Utility functions of pdfTeX for LuaTeX (HO
)
Package pdftexcmds Info: \pdf@primitive is available.
Package pdftexcmds Info: \pdf@ifprimitive is available.
Package pdftexcmds Info: \pdfdraftmode found.
))
(/nix/store/i0cbdkq85sfl53m8ax25wqikvpzlpngs-texlive-combined-full-2021-final/s
hare/texmf/tex/generic/stringenc/stringenc.sty
Package: stringenc 2019/11/29 v1.12 Convert strings between diff. encodings (HO
)
)
(/nix/store/i0cbdkq85sfl53m8ax25wqikvpzlpngs-texlive-combined-full-2021-final/s
hare/texmf/tex/generic/intcalc/intcalc.sty
Package: intcalc 2019/12/15 v1.3 Expandable calculations with integers (HO)
)
(/nix/store/i0cbdkq85sfl53m8ax25wqikvpzlpngs-texlive-combined-full-2021-final/s
hare/texmf/tex/latex/ifmtarg/ifmtarg.sty
Package: ifmtarg 2018/04/16 v1.2b check for an empty argument
)
(/nix/store/i0cbdkq85sfl53m8ax25wqikvpzlpngs-texlive-combined-full-2021-final/s
hare/texmf/tex/latex/base/ifthen.sty
Package: ifthen 2020/11/24 v1.1c Standard LaTeX ifthen package (DPC)
)
(/nix/store/i0cbdkq85sfl53m8ax25wqikvpzlpngs-texlive-combined-full-2021-final/s
hare/texmf/tex/latex/oberdiek/ifdraft.sty
Package: ifdraft 2016/05/16 v1.4 Detect class options draft and final (HO)
)
(/nix/store/i0cbdkq85sfl53m8ax25wqikvpzlpngs-texlive-combined-full-2021-final/s
hare/texmf/tex/generic/iftex/ifluatex.sty
Package: ifluatex 2019/10/25 v1.5 ifluatex legacy package. Use iftex instead.
))
(/nix/store/i0cbdkq85sfl53m8ax25wqikvpzlpngs-texlive-combined-full-2021-final/s
hare/texmf/tex/latex/hyperref/hyperref.sty
Package: hyperref 2022-02-21 v7.00n Hypertext links for LaTeX

(/nix/store/i0cbdkq85sfl53m8ax25wqikvpzlpngs-texlive-combined-full-2021-final/s
hare/texmf/tex/generic/kvdefinekeys/kvdefinekeys.sty
Package: kvdefinekeys 2019-12-19 v1.6 Define keys (HO)
)
(/nix/store/i0cbdkq85sfl53m8ax25wqikvpzlpngs-texlive-combined-full-2021-final/s
hare/texmf/tex/latex/hycolor/hycolor.sty
Package: hycolor 2020-01-27 v1.10 Color options for hyperref/bookmark (HO)
)
(/nix/store/i0cbdkq85sfl53m8ax25wqikvpzlpngs-texlive-combined-full-2021-final/s
hare/texmf/tex/latex/letltxmacro/letltxmacro.sty
Package: letltxmacro 2019/12/03 v1.6 Let assignment for LaTeX macros (HO)
)
(/nix/store/i0cbdkq85sfl53m8ax25wqikvpzlpngs-texlive-combined-full-2021-final/s
hare/texmf/tex/latex/auxhook/auxhook.sty
Package: auxhook 2019-12-17 v1.6 Hooks for auxiliary files (HO)
)
\@linkdim=\dimen164
\Hy@linkcounter=\count282
\Hy@pagecounter=\count283

(/nix/store/i0cbdkq85sfl53m8ax25wqikvpzlpngs-texlive-combined-full-2021-final/s
hare/texmf/tex/latex/hyperref/pd1enc.def
File: pd1enc.def 2022-02-21 v7.00n Hyperref: PDFDocEncoding definition (HO)
Now handling font encoding PD1 ...
... no UTF-8 mapping file for font encoding PD1
)
(/nix/store/i0cbdkq85sfl53m8ax25wqikvpzlpngs-texlive-combined-full-2021-final/s
hare/texmf/tex/generic/etexcmds/etexcmds.sty
Package: etexcmds 2019/12/15 v1.7 Avoid name clashes with e-TeX commands (HO)
)
\Hy@SavedSpaceFactor=\count284

(/nix/store/i0cbdkq85sfl53m8ax25wqikvpzlpngs-texlive-combined-full-2021-final/s
hare/texmf/tex/latex/hyperref/puenc.def
File: puenc.def 2022-02-21 v7.00n Hyperref: PDF Unicode definition (HO)
Now handling font encoding PU ...
... no UTF-8 mapping file for font encoding PU
)
Package hyperref Info: Option `bookmarksnumbered' set `true' on input line 4018
.
Package hyperref Info: Option `unicode' set `true' on input line 4018.
Package hyperref Info: Hyper figures OFF on input line 4137.
Package hyperref Info: Link nesting OFF on input line 4142.
Package hyperref Info: Hyper index ON on input line 4145.
Package hyperref Info: Plain pages OFF on input line 4152.
Package hyperref Info: Backreferencing OFF on input line 4157.
Package hyperref Info: Implicit mode ON; LaTeX internals redefined.
Package hyperref Info: Bookmarks ON on input line 4390.
\c@Hy@tempcnt=\count285

(/nix/store/i0cbdkq85sfl53m8ax25wqikvpzlpngs-texlive-combined-full-2021-final/s
hare/texmf/tex/latex/url/url.sty
\Urlmuskip=\muskip17
Package: url 2013/09/16  ver 3.4  Verb mode for urls, etc.
)
LaTeX Info: Redefining \url on input line 4749.
\XeTeXLinkMargin=\dimen165

(/nix/store/i0cbdkq85sfl53m8ax25wqikvpzlpngs-texlive-combined-full-2021-final/s
hare/texmf/tex/generic/bitset/bitset.sty
Package: bitset 2019/12/09 v1.3 Handle bit-vector datatype (HO)

(/nix/store/i0cbdkq85sfl53m8ax25wqikvpzlpngs-texlive-combined-full-2021-final/s
hare/texmf/tex/generic/bigintcalc/bigintcalc.sty
Package: bigintcalc 2019/12/15 v1.5 Expandable calculations on big integers (HO
)
))
\Fld@menulength=\count286
\Field@Width=\dimen166
\Fld@charsize=\dimen167
Package hyperref Info: Hyper figures OFF on input line 6027.
Package hyperref Info: Link nesting OFF on input line 6032.
Package hyperref Info: Hyper index ON on input line 6035.
Package hyperref Info: backreferencing OFF on input line 6042.
Package hyperref Info: Link coloring OFF on input line 6047.
Package hyperref Info: Link coloring with OCG OFF on input line 6052.
Package hyperref Info: PDF/A mode OFF on input line 6057.
LaTeX Info: Redefining \ref on input line 6097.
LaTeX Info: Redefining \pageref on input line 6101.

(/nix/store/i0cbdkq85sfl53m8ax25wqikvpzlpngs-texlive-combined-full-2021-final/s
hare/texmf/tex/latex/base/atbegshi-ltx.sty
Package: atbegshi-ltx 2021/01/10 v1.0c Emulation of the original atbegshi
package with kernel methods
)
\Hy@abspage=\count287
\c@Item=\count288
\c@Hfootnote=\count289
)
Package hyperref Info: Driver (autodetected): hpdftex.

(/nix/store/i0cbdkq85sfl53m8ax25wqikvpzlpngs-texlive-combined-full-2021-final/s
hare/texmf/tex/latex/hyperref/hpdftex.def
File: hpdftex.def 2022-02-21 v7.00n Hyperref driver for pdfTeX

(/nix/store/i0cbdkq85sfl53m8ax25wqikvpzlpngs-texlive-combined-full-2021-final/s
hare/texmf/tex/latex/base/atveryend-ltx.sty
Package: atveryend-ltx 2020/08/19 v1.0a Emulation of the original atveryend pac
kage
with kernel methods
)
\Fld@listcount=\count290
\c@bookmark@seq@number=\count291

(/nix/store/i0cbdkq85sfl53m8ax25wqikvpzlpngs-texlive-combined-full-2021-final/s
hare/texmf/tex/latex/rerunfilecheck/rerunfilecheck.sty
Package: rerunfilecheck 2019/12/05 v1.9 Rerun checks for auxiliary files (HO)

(/nix/store/i0cbdkq85sfl53m8ax25wqikvpzlpngs-texlive-combined-full-2021-final/s
hare/texmf/tex/generic/uniquecounter/uniquecounter.sty
Package: uniquecounter 2019/12/15 v1.4 Provide unlimited unique counter (HO)
)
Package uniquecounter Info: New unique counter `rerunfilecheck' on input line 2
86.
)
\Hy@SectionHShift=\skip60
)
(/nix/store/i0cbdkq85sfl53m8ax25wqikvpzlpngs-texlive-combined-full-2021-final/s
hare/texmf/tex/latex/graphics/graphicx.sty
Package: graphicx 2021/09/16 v1.2d Enhanced LaTeX Graphics (DPC,SPQR)

(/nix/store/i0cbdkq85sfl53m8ax25wqikvpzlpngs-texlive-combined-full-2021-final/s
hare/texmf/tex/latex/graphics/graphics.sty
Package: graphics 2021/03/04 v1.4d Standard LaTeX Graphics (DPC,SPQR)

(/nix/store/i0cbdkq85sfl53m8ax25wqikvpzlpngs-texlive-combined-full-2021-final/s
hare/texmf/tex/latex/graphics/trig.sty
Package: trig 2021/08/11 v1.11 sin cos tan (DPC)
)
(/nix/store/i0cbdkq85sfl53m8ax25wqikvpzlpngs-texlive-combined-full-2021-final/s
hare/texmf/tex/latex/graphics-cfg/graphics.cfg
File: graphics.cfg 2016/06/04 v1.11 sample graphics configuration
)
Package graphics Info: Driver file: pdftex.def on input line 107.

(/nix/store/i0cbdkq85sfl53m8ax25wqikvpzlpngs-texlive-combined-full-2021-final/s
hare/texmf/tex/latex/graphics-def/pdftex.def
File: pdftex.def 2020/10/05 v1.2a Graphics/color driver for pdftex
))
\Gin@req@height=\dimen168
\Gin@req@width=\dimen169
)
(/nix/store/i0cbdkq85sfl53m8ax25wqikvpzlpngs-texlive-combined-full-2021-final/s
hare/texmf/tex/latex/xcolor/xcolor.sty
Package: xcolor 2021/10/31 v2.13 LaTeX color extensions (UK)

(/nix/store/i0cbdkq85sfl53m8ax25wqikvpzlpngs-texlive-combined-full-2021-final/s
hare/texmf/tex/latex/graphics-cfg/color.cfg
File: color.cfg 2016/01/02 v1.6 sample color configuration
)
Package xcolor Info: Driver file: pdftex.def on input line 227.
Package xcolor Info: Model `cmy' substituted by `cmy0' on input line 1352.
Package xcolor Info: Model `hsb' substituted by `rgb' on input line 1356.
Package xcolor Info: Model `RGB' extended on input line 1368.
Package xcolor Info: Model `HTML' substituted by `rgb' on input line 1370.
Package xcolor Info: Model `Hsb' substituted by `hsb' on input line 1371.
Package xcolor Info: Model `tHsb' substituted by `hsb' on input line 1372.
Package xcolor Info: Model `HSB' substituted by `hsb' on input line 1373.
Package xcolor Info: Model `Gray' substituted by `gray' on input line 1374.
Package xcolor Info: Model `wave' substituted by `hsb' on input line 1375.
)
(/nix/store/i0cbdkq85sfl53m8ax25wqikvpzlpngs-texlive-combined-full-2021-final/s
hare/texmf/tex/latex/geometry/geometry.sty
Package: geometry 2020/01/02 v5.9 Page Geometry

(/nix/store/i0cbdkq85sfl53m8ax25wqikvpzlpngs-texlive-combined-full-2021-final/s
hare/texmf/tex/generic/iftex/ifvtex.sty
Package: ifvtex 2019/10/25 v1.7 ifvtex legacy package. Use iftex instead.
)
\Gm@cnth=\count292
\Gm@cntv=\count293
\c@Gm@tempcnt=\count294
\Gm@bindingoffset=\dimen170
\Gm@wd@mp=\dimen171
\Gm@odd@mp=\dimen172
\Gm@even@mp=\dimen173
\Gm@layoutwidth=\dimen174
\Gm@layoutheight=\dimen175
\Gm@layouthoffset=\dimen176
\Gm@layoutvoffset=\dimen177
\Gm@dimlist=\toks31
)
(/nix/store/i0cbdkq85sfl53m8ax25wqikvpzlpngs-texlive-combined-full-2021-final/s
hare/texmf/tex/latex/ncctools/manyfoot.sty
Package: manyfoot 2019/08/03 v1.11 Many Footnote Levels Package (NCC)

(/nix/store/i0cbdkq85sfl53m8ax25wqikvpzlpngs-texlive-combined-full-2021-final/s
hare/texmf/tex/latex/ncctools/nccfoots.sty
Package: nccfoots 2005/02/03 v1.2 NCC Footnotes Package (NCC)
)
\MFL@columnwidth=\dimen178
)
\footinsauthorsaddresses=\insert251
\c@footnoteauthorsaddresses=\count295
\footinscopyrightpermission=\insert250
\c@footnotecopyrightpermission=\count296

(/nix/store/i0cbdkq85sfl53m8ax25wqikvpzlpngs-texlive-combined-full-2021-final/s
hare/texmf/tex/generic/pdftex/glyphtounicode.tex)
(/nix/store/i0cbdkq85sfl53m8ax25wqikvpzlpngs-texlive-combined-full-2021-final/s
hare/texmf/tex/latex/cmap/cmap.sty
Package: cmap 2021/02/06 v1.0j CMap support: searchable PDF
)
(/nix/store/i0cbdkq85sfl53m8ax25wqikvpzlpngs-texlive-combined-full-2021-final/s
hare/texmf/tex/latex/base/fontenc.sty
Package: fontenc 2021/04/29 v2.0v Standard LaTeX package
<<t1.cmap>>)
(/nix/store/i0cbdkq85sfl53m8ax25wqikvpzlpngs-texlive-combined-full-2021-final/s
hare/texmf/tex/latex/libertine/libertine.sty
Package: libertine 2020/03/26 (Bob Tennent) Supports Libertine and Biolinum fon
ts for all LaTeX engines.

(/nix/store/i0cbdkq85sfl53m8ax25wqikvpzlpngs-texlive-combined-full-2021-final/s
hare/texmf/tex/generic/iftex/ifxetex.sty
Package: ifxetex 2019/10/25 v0.7 ifxetex legacy package. Use iftex instead.
)
(/nix/store/i0cbdkq85sfl53m8ax25wqikvpzlpngs-texlive-combined-full-2021-final/s
hare/texmf/tex/latex/base/textcomp.sty
Package: textcomp 2020/02/02 v2.0n Standard LaTeX package
)
(/nix/store/i0cbdkq85sfl53m8ax25wqikvpzlpngs-texlive-combined-full-2021-final/s
hare/texmf/tex/latex/base/fontenc.sty
Package: fontenc 2021/04/29 v2.0v Standard LaTeX package
)
(/nix/store/i0cbdkq85sfl53m8ax25wqikvpzlpngs-texlive-combined-full-2021-final/s
hare/texmf/tex/latex/fontaxes/fontaxes.sty
Package: fontaxes 2020/07/21 v1.0e Font selection axes
LaTeX Info: Redefining \upshape on input line 29.
LaTeX Info: Redefining \itshape on input line 31.
LaTeX Info: Redefining \slshape on input line 33.
LaTeX Info: Redefining \swshape on input line 35.
LaTeX Info: Redefining \scshape on input line 37.
LaTeX Info: Redefining \sscshape on input line 39.
LaTeX Info: Redefining \ulcshape on input line 41.
LaTeX Info: Redefining \textsw on input line 47.
LaTeX Info: Redefining \textssc on input line 48.
LaTeX Info: Redefining \textulc on input line 49.
)
LaTeX Info: Redefining \oldstylenums on input line 484.

(/nix/store/i0cbdkq85sfl53m8ax25wqikvpzlpngs-texlive-combined-full-2021-final/s
hare/texmf/tex/latex/libertine/LinLibertine_I.tex))
(/nix/store/i0cbdkq85sfl53m8ax25wqikvpzlpngs-texlive-combined-full-2021-final/s
hare/texmf/tex/latex/inconsolata/zi4.sty
Package: zi4 2019/05/17 v1.12

`inconsolata-zi4' v1.12, 2019/05/17 Text macros for Inconsolata (msharpe)
\zifour@ocount=\count297
)
(/nix/store/i0cbdkq85sfl53m8ax25wqikvpzlpngs-texlive-combined-full-2021-final/s
hare/texmf/tex/latex/newtx/newtxmath.sty
Package: newtxmath 2022/01/16 v1.71

`newtxmath' v1.71, 2022/01/16 Math macros based originally on txfonts (msharpe)

(/nix/store/i0cbdkq85sfl53m8ax25wqikvpzlpngs-texlive-combined-full-2021-final/s
hare/texmf/tex/latex/oberdiek/centernot.sty
Package: centernot 2016/05/16 v1.4 Centers the not symbol horizontally (HO)
)
\tx@cntz=\count298

(/nix/store/i0cbdkq85sfl53m8ax25wqikvpzlpngs-texlive-combined-full-2021-final/s
hare/texmf/tex/generic/kastrup/binhex.tex)
\tx@Isdigit=\count299
\tx@IsAlNum=\count300
\tx@tA=\toks32
\tx@tB=\toks33
\tx@su=\read2

amsthm NOT loaded
LaTeX Font Info:    Redeclaring symbol font `operators' on input line 376.
LaTeX Font Info:    Overwriting symbol font `operators' in version `normal'
(Font)                  OT1/cmr/m/n --> OT1/LinuxLibertineT-TLF/m/n on input li
ne 376.
LaTeX Font Info:    Overwriting symbol font `operators' in version `bold'
(Font)                  OT1/cmr/bx/n --> OT1/LinuxLibertineT-TLF/m/n on input l
ine 376.
LaTeX Font Info:    Overwriting symbol font `operators' in version `bold'
(Font)                  OT1/LinuxLibertineT-TLF/m/n --> OT1/LinuxLibertineT-TLF
/sb/n on input line 377.
LaTeX Font Info:    Redeclaring math alphabet \mathsf on input line 383.
LaTeX Font Info:    Overwriting math alphabet `\mathsf' in version `normal'
(Font)                  OT1/cmss/m/n --> T1/LinuxBiolinumT-TLF/m/n on input lin
e 383.
LaTeX Font Info:    Overwriting math alphabet `\mathsf' in version `bold'
(Font)                  OT1/cmss/bx/n --> T1/LinuxBiolinumT-TLF/m/n on input li
ne 383.
LaTeX Font Info:    Redeclaring math alphabet \mathit on input line 384.
LaTeX Font Info:    Overwriting math alphabet `\mathit' in version `normal'
(Font)                  OT1/cmr/m/it --> OT1/LinuxLibertineT-TLF/m/it on input 
line 384.
LaTeX Font Info:    Overwriting math alphabet `\mathit' in version `bold'
(Font)                  OT1/cmr/bx/it --> OT1/LinuxLibertineT-TLF/m/it on input
 line 384.
LaTeX Font Info:    Redeclaring math alphabet \mathtt on input line 385.
LaTeX Font Info:    Overwriting math alphabet `\mathtt' in version `normal'
(Font)                  OT1/cmtt/m/n --> T1/zi4/m/n on input line 385.
LaTeX Font Info:    Overwriting math alphabet `\mathtt' in version `bold'
(Font)                  OT1/cmtt/m/n --> T1/zi4/m/n on input line 385.
LaTeX Font Info:    Redeclaring math alphabet \mathbf on input line 387.
LaTeX Font Info:    Overwriting math alphabet `\mathbf' in version `normal'
(Font)                  OT1/cmr/bx/n --> OT1/LinuxLibertineT-TLF/sb/n on input 
line 387.
LaTeX Font Info:    Overwriting math alphabet `\mathbf' in version `bold'
(Font)                  OT1/cmr/bx/n --> OT1/LinuxLibertineT-TLF/sb/n on input 
line 387.
LaTeX Font Info:    Overwriting math alphabet `\mathit' in version `bold'
(Font)                  OT1/LinuxLibertineT-TLF/m/it --> OT1/LinuxLibertineT-TL
F/sb/it on input line 388.
LaTeX Font Info:    Overwriting math alphabet `\mathsf' in version `bold'
(Font)                  T1/LinuxBiolinumT-TLF/m/n --> T1/LinuxBiolinumT-TLF/b/n
 on input line 389.
LaTeX Font Info:    Overwriting math alphabet `\mathtt' in version `bold'
(Font)                  T1/zi4/m/n --> T1/zi4/b/n on input line 390.
LaTeX Font Info:    Redeclaring symbol font `letters' on input line 407.
LaTeX Font Info:    Overwriting symbol font `letters' in version `normal'
(Font)                  OML/cmm/m/it --> OML/nxlmi/m/it on input line 407.
LaTeX Font Info:    Overwriting symbol font `letters' in version `bold'
(Font)                  OML/cmm/b/it --> OML/nxlmi/m/it on input line 407.
LaTeX Font Info:    Overwriting symbol font `letters' in version `bold'
(Font)                  OML/nxlmi/m/it --> OML/nxlmi/b/it on input line 408.
\symlettersA=\mathgroup6
LaTeX Font Info:    Overwriting symbol font `lettersA' in version `bold'
(Font)                  U/ntxmia/m/it --> U/ntxmia/b/it on input line 547.
LaTeX Font Info:    Redeclaring math alphabet \mathfrak on input line 549.
Now handling font encoding LMS ...
... no UTF-8 mapping file for font encoding LMS
LaTeX Font Info:    Redeclaring symbol font `symbols' on input line 568.
LaTeX Font Info:    Encoding `OMS' has changed to `LMS' for symbol font
(Font)              `symbols' in the math version `normal' on input line 568.
LaTeX Font Info:    Overwriting symbol font `symbols' in version `normal'
(Font)                  OMS/cmsy/m/n --> LMS/ntxsy/m/n on input line 568.
LaTeX Font Info:    Encoding `OMS' has changed to `LMS' for symbol font
(Font)              `symbols' in the math version `bold' on input line 568.
LaTeX Font Info:    Overwriting symbol font `symbols' in version `bold'
(Font)                  OMS/cmsy/b/n --> LMS/ntxsy/m/n on input line 568.
LaTeX Font Info:    Overwriting symbol font `symbols' in version `bold'
(Font)                  LMS/ntxsy/m/n --> LMS/ntxsy/b/n on input line 569.
\symAMSm=\mathgroup7
LaTeX Font Info:    Overwriting symbol font `AMSm' in version `bold'
(Font)                  U/ntxsym/m/n --> U/ntxsym/b/n on input line 594.
\symsymbolsC=\mathgroup8
LaTeX Font Info:    Overwriting symbol font `symbolsC' in version `bold'
(Font)                  U/ntxsyc/m/n --> U/ntxsyc/b/n on input line 615.
Now handling font encoding LMX ...
... no UTF-8 mapping file for font encoding LMX
LaTeX Font Info:    Redeclaring symbol font `largesymbols' on input line 628.
LaTeX Font Info:    Encoding `OMX' has changed to `LMX' for symbol font
(Font)              `largesymbols' in the math version `normal' on input line 6
28.
LaTeX Font Info:    Overwriting symbol font `largesymbols' in version `normal'
(Font)                  OMX/cmex/m/n --> LMX/ntxexx/m/n on input line 628.
LaTeX Font Info:    Encoding `OMX' has changed to `LMX' for symbol font
(Font)              `largesymbols' in the math version `bold' on input line 628
.
LaTeX Font Info:    Overwriting symbol font `largesymbols' in version `bold'
(Font)                  OMX/cmex/m/n --> LMX/ntxexx/m/n on input line 628.
LaTeX Font Info:    Overwriting symbol font `largesymbols' in version `bold'
(Font)                  LMX/ntxexx/m/n --> LMX/ntxexx/b/n on input line 629.
\symlargesymbolsTXA=\mathgroup9
LaTeX Font Info:    Overwriting symbol font `largesymbolsTXA' in version `bold'

(Font)                  U/ntxexa/m/n --> U/ntxexa/b/n on input line 643.
\tx@sbptoks=\toks34
LaTeX Font Info:    Redeclaring math delimiter \lfloor on input line 866.
LaTeX Font Info:    Redeclaring math delimiter \rfloor on input line 867.
LaTeX Font Info:    Redeclaring math delimiter \lceil on input line 868.
LaTeX Font Info:    Redeclaring math delimiter \rceil on input line 869.
LaTeX Font Info:    Redeclaring math delimiter \lbrace on input line 870.
LaTeX Font Info:    Redeclaring math delimiter \rbrace on input line 871.
LaTeX Font Info:    Redeclaring math delimiter \langle on input line 872.
LaTeX Font Info:    Redeclaring math delimiter \rangle on input line 874.
LaTeX Font Info:    Redeclaring math delimiter \arrowvert on input line 878.
LaTeX Font Info:    Redeclaring math delimiter \vert on input line 879.
LaTeX Font Info:    Redeclaring math accent \dot on input line 950.
LaTeX Font Info:    Redeclaring math accent \ddot on input line 951.
LaTeX Font Info:    Redeclaring math accent \vec on input line 2020.
LaTeX Info: Redefining \Bbbk on input line 2810.
LaTeX Info: Redefining \not on input line 2959.
LaTeX Info: Redefining \textsquare on input line 2989.
LaTeX Info: Redefining \openbox on input line 2991.
)
(/nix/store/i0cbdkq85sfl53m8ax25wqikvpzlpngs-texlive-combined-full-2021-final/s
hare/texmf/tex/latex/caption/caption.sty
Package: caption 2022/03/01 v3.6b Customizing captions (AR)

(/nix/store/i0cbdkq85sfl53m8ax25wqikvpzlpngs-texlive-combined-full-2021-final/s
hare/texmf/tex/latex/caption/caption3.sty
Package: caption3 2022/03/17 v2.3b caption3 kernel (AR)
\caption@tempdima=\dimen179
\captionmargin=\dimen180
\caption@leftmargin=\dimen181
\caption@rightmargin=\dimen182
\caption@width=\dimen183
\caption@indent=\dimen184
\caption@parindent=\dimen185
\caption@hangindent=\dimen186
Package caption Info: AMS or SMF document class detected.

(/nix/store/i0cbdkq85sfl53m8ax25wqikvpzlpngs-texlive-combined-full-2021-final/s
hare/texmf/tex/latex/caption/caption-ams-smf.sto
File: caption-ams-smf.sto 2020/08/22 v2.0 Adaption of the caption package to th
e AMS and SMF document classes (AR)
))
\c@caption@flags=\count301
\c@continuedfloat=\count302
Package caption Info: hyperref package is loaded.
)
(/nix/store/i0cbdkq85sfl53m8ax25wqikvpzlpngs-texlive-combined-full-2021-final/s
hare/texmf/tex/latex/float/float.sty
Package: float 2001/11/08 v1.3d Float enhancements (AL)
\c@float@type=\count303
\float@exts=\toks35
\float@box=\box54
\@float@everytoks=\toks36
\@floatcapt=\box55
)
\@float@every@sidebar=\toks37
\c@sidebar=\count304
\fulltextwidth=\dimen187
\@ACM@labelwidth=\dimen188
\listisep=\skip61
\num@authorgroups=\count305
\num@authors=\count306
\@ACM@badge@width=\skip62
\@ACM@title@width=\skip63
\@ACM@badge@skip=\skip64
Class acmart Info: Printing CCS on input line 1677.
Class acmart Info: Printing bibformat on input line 1677.
Class acmart Info: Printing folios on input line 1679.
Class acmart Info: Setting authorsperrow to 0 on input line 1687.

(/nix/store/i0cbdkq85sfl53m8ax25wqikvpzlpngs-texlive-combined-full-2021-final/s
hare/texmf/tex/latex/comment/comment.sty
\CommentStream=\write3
 Excluding comment 'comment')
Excluding comment 'CCSXML'
\c@@concepts=\count307
\mktitle@bx=\box56
\@ACM@acmcpbox=\box57
\@ACM@commabox=\box58
\author@bx=\box59
\author@bx@wd=\dimen189
\author@bx@sep=\skip65

(/nix/store/i0cbdkq85sfl53m8ax25wqikvpzlpngs-texlive-combined-full-2021-final/s
hare/texmf/tex/latex/fancyhdr/fancyhdr.sty
Package: fancyhdr 2021/01/28 v4.0.1 Extensive control of page headers and foote
rs
\f@nch@headwidth=\skip66
\f@nch@O@elh=\skip67
\f@nch@O@erh=\skip68
\f@nch@O@olh=\skip69
\f@nch@O@orh=\skip70
\f@nch@O@elf=\skip71
\f@nch@O@erf=\skip72
\f@nch@O@olf=\skip73
\f@nch@O@orf=\skip74
)
\ACM@linecount@bx=\box60
\ACM@linecount@bxht=\skip75
\ACM@linecount=\count308
\@folio@wd=\dimen190
\@folio@ht=\dimen191
\@folio@voffset=\dimen192
 Special comment 'acks'
LaTeX Font Info:    Trying to load font information for T1+LinuxLibertineT-TLF 
on input line 3505.

(/nix/store/i0cbdkq85sfl53m8ax25wqikvpzlpngs-texlive-combined-full-2021-final/s
hare/texmf/tex/latex/libertine/T1LinuxLibertineT-TLF.fd
File: T1LinuxLibertineT-TLF.fd 2017/03/20 (autoinst) Font definitions for T1/Li
nuxLibertineT-TLF.
)
LaTeX Font Info:    Font shape `T1/LinuxLibertineT-TLF/m/n' will be
(Font)              scaled to size 9.0pt on input line 3505.
)
\c@exmp=\count309

(/nix/store/i0cbdkq85sfl53m8ax25wqikvpzlpngs-texlive-combined-full-2021-final/s
hare/texmf/tex/latex/algorithm2e/algorithm2e.sty
Package: algorithm2e 2017/07/18 v5.2 algorithms environments
\c@AlgoLine=\count310
\algocf@hangindent=\skip76

(/nix/store/i0cbdkq85sfl53m8ax25wqikvpzlpngs-texlive-combined-full-2021-final/s
hare/texmf/tex/latex/ifoddpage/ifoddpage.sty
Package: ifoddpage 2016/04/23 v1.1 Conditionals for odd/even page detection
\c@checkoddpage=\count311
)
(/nix/store/i0cbdkq85sfl53m8ax25wqikvpzlpngs-texlive-combined-full-2021-final/s
hare/texmf/tex/latex/tools/xspace.sty
Package: xspace 2014/10/28 v1.13 Space after command names (DPC,MH)
)
(/nix/store/i0cbdkq85sfl53m8ax25wqikvpzlpngs-texlive-combined-full-2021-final/s
hare/texmf/tex/latex/relsize/relsize.sty
Package: relsize 2013/03/29 ver 4.1
LaTeX Info: Redefining \larger on input line 150.
LaTeX Info: Redefining \smaller on input line 151.
)
\skiptotal=\skip77
\skiplinenumber=\skip78
\skiprule=\skip79
\skiphlne=\skip80
\skiptext=\skip81
\skiplength=\skip82
\algomargin=\skip83
\skipalgocfslide=\skip84
\algowidth=\dimen193
\inoutsize=\dimen194
\inoutindent=\dimen195
\interspacetitleruled=\dimen196
\interspacealgoruled=\dimen197
\interspacetitleboxruled=\dimen198
\algocf@ruledwidth=\skip85
\algocf@inoutbox=\box61
\algocf@inputbox=\box62
\AlCapSkip=\skip86
\AlCapHSkip=\skip87
\algoskipindent=\skip88
\algocf@nlbox=\box63
\algocf@hangingbox=\box64
\algocf@untilbox=\box65
\algocf@skipuntil=\skip89
\algocf@capbox=\box66
\algocf@lcaptionbox=\skip90
\algoheightruledefault=\skip91
\algoheightrule=\skip92
\algotitleheightruledefault=\skip93
\algotitleheightrule=\skip94
\c@algocfline=\count312
\c@algocfproc=\count313
\c@algocf=\count314
\algocf@algoframe=\box67
\algocf@algobox=\box68
)
Package hyperref Info: Option `colorlinks' set `true' on input line 124.
Package hyperref Info: Option `pdfdisplaydoctitle' set `true' on input line 124
.
\c@theorem=\count315
 Include comment 'screenonly'
Excluding comment 'printonly' Include comment 'anonsuppress'
(/nix/store/i0cbdkq85sfl53m8ax25wqikvpzlpngs-texlive-combined-full-2021-final/s
hare/texmf/tex/latex/l3backend/l3backend-pdftex.def
File: l3backend-pdftex.def 2022-02-07 L3 backend support: PDF output (pdfTeX)
\l__color_backend_stack_int=\count316
\l__pdf_internal_box=\box69
) (./b2bdatalog.aux)
\openout1 = `b2bdatalog.aux'.

LaTeX Font Info:    Checking defaults for OML/nxlmi/m/it on input line 124.
LaTeX Font Info:    Trying to load font information for OML+nxlmi on input line
 124.

(/nix/store/i0cbdkq85sfl53m8ax25wqikvpzlpngs-texlive-combined-full-2021-final/s
hare/texmf/tex/latex/newtx/omlnxlmi.fd
File: omlnxlmi.fd 2013/11/19 Fontinst v1.933 font definitions for OML/nxlmi.
)
LaTeX Font Info:    ... okay on input line 124.
LaTeX Font Info:    Checking defaults for OMS/cmsy/m/n on input line 124.
LaTeX Font Info:    ... okay on input line 124.
LaTeX Font Info:    Checking defaults for OT1/cmr/m/n on input line 124.
LaTeX Font Info:    ... okay on input line 124.
LaTeX Font Info:    Checking defaults for T1/cmr/m/n on input line 124.
LaTeX Font Info:    ... okay on input line 124.
LaTeX Font Info:    Checking defaults for TS1/cmr/m/n on input line 124.
LaTeX Font Info:    ... okay on input line 124.
LaTeX Font Info:    Checking defaults for OMX/cmex/m/n on input line 124.
LaTeX Font Info:    ... okay on input line 124.
LaTeX Font Info:    Checking defaults for U/ntxexa/m/n on input line 124.
LaTeX Font Info:    Trying to load font information for U+ntxexa on input line 
124.

(/nix/store/i0cbdkq85sfl53m8ax25wqikvpzlpngs-texlive-combined-full-2021-final/s
hare/texmf/tex/latex/newtx/untxexa.fd
File: untxexa.fd 2012/04/16 Fontinst v1.933 font definitions for U/ntxexa.
)
LaTeX Font Info:    ... okay on input line 124.
LaTeX Font Info:    Checking defaults for PD1/pdf/m/n on input line 124.
LaTeX Font Info:    ... okay on input line 124.
LaTeX Font Info:    Checking defaults for PU/pdf/m/n on input line 124.
LaTeX Font Info:    ... okay on input line 124.
LaTeX Font Info:    Checking defaults for LMS/ntxsy/m/n on input line 124.
LaTeX Font Info:    Trying to load font information for LMS+ntxsy on input line
 124.

(/nix/store/i0cbdkq85sfl53m8ax25wqikvpzlpngs-texlive-combined-full-2021-final/s
hare/texmf/tex/latex/newtx/lmsntxsy.fd
File: lmsntxsy.fd 2016/07/02 Fontinst v1.933 font definitions for LMS/ntxsy.
)
LaTeX Font Info:    ... okay on input line 124.
LaTeX Font Info:    Checking defaults for LMX/ntxexx/m/n on input line 124.
LaTeX Font Info:    Trying to load font information for LMX+ntxexx on input lin
e 124.

(/nix/store/i0cbdkq85sfl53m8ax25wqikvpzlpngs-texlive-combined-full-2021-final/s
hare/texmf/tex/latex/newtx/lmxntxexx.fd
File: lmxntxexx.fd 2016/07/03 Fontinst v1.933 font definitions for LMX/ntxexx.
)
LaTeX Font Info:    ... okay on input line 124.
LaTeX Font Info:    Font shape `T1/LinuxLibertineT-TLF/m/n' will be
(Font)              scaled to size 7.0pt on input line 124.
LaTeX Font Info:    Trying to load font information for OT1+LinuxLibertineT-TLF
 on input line 124.

(/nix/store/i0cbdkq85sfl53m8ax25wqikvpzlpngs-texlive-combined-full-2021-final/s
hare/texmf/tex/latex/libertine/OT1LinuxLibertineT-TLF.fd
File: OT1LinuxLibertineT-TLF.fd 2017/03/20 (autoinst) Font definitions for OT1/
LinuxLibertineT-TLF.
)
LaTeX Font Info:    Font shape `OT1/LinuxLibertineT-TLF/m/n' will be
(Font)              scaled to size 7.3pt on input line 124.
<<ot1.cmap>>
LaTeX Font Info:    Font shape `OT1/LinuxLibertineT-TLF/m/n' will be
(Font)              scaled to size 5.5pt on input line 124.
<<oml.cmap>>
LaTeX Font Info:    Trying to load font information for U+msa on input line 124
.

(/nix/store/i0cbdkq85sfl53m8ax25wqikvpzlpngs-texlive-combined-full-2021-final/s
hare/texmf/tex/latex/amsfonts/umsa.fd
File: umsa.fd 2013/01/14 v3.01 AMS symbols A
)
LaTeX Font Info:    Trying to load font information for U+msb on input line 124
.

(/nix/store/i0cbdkq85sfl53m8ax25wqikvpzlpngs-texlive-combined-full-2021-final/s
hare/texmf/tex/latex/amsfonts/umsb.fd
File: umsb.fd 2013/01/14 v3.01 AMS symbols B
)
LaTeX Font Info:    Trying to load font information for U+ntxmia on input line 
124.

(/nix/store/i0cbdkq85sfl53m8ax25wqikvpzlpngs-texlive-combined-full-2021-final/s
hare/texmf/tex/latex/newtx/untxmia.fd
File: untxmia.fd 2018/04/14 Fontinst v1.933 font definitions for U/ntxmia.
)
LaTeX Font Info:    Trying to load font information for U+ntxsym on input line 
124.

(/nix/store/i0cbdkq85sfl53m8ax25wqikvpzlpngs-texlive-combined-full-2021-final/s
hare/texmf/tex/latex/newtx/untxsym.fd
File: untxsym.fd 2015/03/20 Fontinst v1.933 font definitions for U/ntxsym.
)
LaTeX Font Info:    Trying to load font information for U+ntxsyc on input line 
124.

(/nix/store/i0cbdkq85sfl53m8ax25wqikvpzlpngs-texlive-combined-full-2021-final/s
hare/texmf/tex/latex/newtx/untxsyc.fd
File: untxsyc.fd 2012/04/12 Fontinst v1.933 font definitions for U/ntxsyc.
)
LaTeX Info: Redefining \microtypecontext on input line 124.
Package microtype Info: Applying patch `item' on input line 124.
Package microtype Info: Applying patch `toc' on input line 124.
Package microtype Info: Applying patch `eqnum' on input line 124.
Package microtype Info: Applying patch `footnote' on input line 124.
Package microtype Info: Generating PDF output.
Package microtype Info: Character protrusion enabled (level 2).
Package microtype Info: Using default protrusion set `alltext'.
Package microtype Info: Automatic font expansion enabled (level 2),
(microtype)             stretch: 20, shrink: 20, step: 1, non-selected.
Package microtype Info: Using default expansion set `alltext-nott'.
LaTeX Info: Redefining \showhyphens on input line 124.
Package microtype Info: No adjustment of tracking.
Package microtype Info: No adjustment of interword spacing.
Package microtype Info: No adjustment of character kerning.
Package microtype Info: Loading generic protrusion settings for font family
(microtype)             `LinuxLibertineT-TLF' (encoding: T1).
(microtype)             For optimal results, create family-specific settings.
(microtype)             See the microtype manual for details.
Package hyperref Info: Link coloring ON on input line 124.

(/nix/store/i0cbdkq85sfl53m8ax25wqikvpzlpngs-texlive-combined-full-2021-final/s
hare/texmf/tex/latex/hyperref/nameref.sty
Package: nameref 2021-04-02 v2.47 Cross-referencing by name of section

(/nix/store/i0cbdkq85sfl53m8ax25wqikvpzlpngs-texlive-combined-full-2021-final/s
hare/texmf/tex/generic/gettitlestring/gettitlestring.sty
Package: gettitlestring 2019/12/15 v1.6 Cleanup title references (HO)
)
\c@section@level=\count317
)
LaTeX Info: Redefining \ref on input line 124.
LaTeX Info: Redefining \pageref on input line 124.
LaTeX Info: Redefining \nameref on input line 124.
 (./b2bdatalog.out)
(./b2bdatalog.out)
\@outlinefile=\write4
\openout4 = `b2bdatalog.out'.


(/nix/store/i0cbdkq85sfl53m8ax25wqikvpzlpngs-texlive-combined-full-2021-final/s
hare/texmf/tex/context/base/mkii/supp-pdf.mkii
[Loading MPS to PDF converter (version 2006.09.02).]
\scratchcounter=\count318
\scratchdimen=\dimen199
\scratchbox=\box70
\nofMPsegments=\count319
\nofMParguments=\count320
\everyMPshowfont=\toks38
\MPscratchCnt=\count321
\MPscratchDim=\dimen256
\MPnumerator=\count322
\makeMPintoPDFobject=\count323
\everyMPtoPDFconversion=\toks39
)
(/nix/store/i0cbdkq85sfl53m8ax25wqikvpzlpngs-texlive-combined-full-2021-final/s
hare/texmf/tex/latex/epstopdf-pkg/epstopdf-base.sty
Package: epstopdf-base 2020-01-24 v2.11 Base part for package epstopdf
Package epstopdf-base Info: Redefining graphics rule for `.eps' on input line 4
85.

(/nix/store/i0cbdkq85sfl53m8ax25wqikvpzlpngs-texlive-combined-full-2021-final/s
hare/texmf/tex/latex/latexconfig/epstopdf-sys.cfg
File: epstopdf-sys.cfg 2010/07/13 v1.3 Configuration of (r)epstopdf for TeX Liv
e
))
*geometry* driver: auto-detecting
*geometry* detected driver: pdftex
*geometry* verbose mode - [ preamble ] result:
* driver: pdftex
* paper: letterpaper
* layout: <same size as paper>
* layoutoffset:(h,v)=(0.0pt,0.0pt)
* modes: twoside heightrounded 
* h-part:(L,W,R)=(73.71613pt, 430.00462pt, 110.57425pt)
* v-part:(T,H,B)=(95.39737pt, 556.47656pt, 143.09605pt)
* \paperwidth=614.295pt
* \paperheight=794.96999pt
* \textwidth=430.00462pt
* \textheight=560.0pt
* \oddsidemargin=1.44614pt
* \evensidemargin=38.30426pt
* \topmargin=-3.87262pt
* \headheight=13.0pt
* \headsep=14.0pt
* \topskip=10.0pt
* \footskip=12.0pt
* \marginparwidth=72.0pt
* \marginparsep=11.0pt
* \columnsep=10.0pt
* \skip\footins=7.0pt plus 11.0pt
* \hoffset=0.0pt
* \voffset=0.0pt
* \mag=1000
* \@twocolumnfalse
* \@twosidetrue
* \@mparswitchtrue
* \@reversemarginfalse
* (1in=72.27pt=25.4mm, 1cm=28.453pt)

\c@mv@tabular=\count324
\c@mv@boldtabular=\count325

(/nix/store/i0cbdkq85sfl53m8ax25wqikvpzlpngs-texlive-combined-full-2021-final/s
hare/texmf/tex/latex/upquote/upquote.sty
Package: upquote 2012/04/19 v1.3 upright-quote and grave-accent glyphs in verba
tim
)
Package caption Info: Begin \AtBeginDocument code.
Package caption Info: float package is loaded.
Package caption Info: End \AtBeginDocument code.
 Excluding 'CCSXML' comment.
LaTeX Font Info:    Font shape `T1/LinuxLibertineT-TLF/m/n' will be
(Font)              scaled to size 12.0pt on input line 287.
LaTeX Font Info:    Trying to load font information for T1+LinuxBiolinumT-TLF o
n input line 287.

(/nix/store/i0cbdkq85sfl53m8ax25wqikvpzlpngs-texlive-combined-full-2021-final/s
hare/texmf/tex/latex/libertine/T1LinuxBiolinumT-TLF.fd
File: T1LinuxBiolinumT-TLF.fd 2017/03/20 (autoinst) Font definitions for T1/Lin
uxBiolinumT-TLF.
)
LaTeX Font Info:    Font shape `T1/LinuxBiolinumT-TLF/m/n' will be
(Font)              scaled to size 12.0pt on input line 287.
Package microtype Info: Loading generic protrusion settings for font family
(microtype)             `LinuxBiolinumT-TLF' (encoding: T1).
(microtype)             For optimal results, create family-specific settings.
(microtype)             See the microtype manual for details.
LaTeX Font Info:    Font shape `T1/LinuxBiolinumT-TLF/b/n' will be
(Font)              scaled to size 12.0pt on input line 287.
LaTeX Font Info:    Font shape `T1/LinuxLibertineT-TLF/m/n' will be
(Font)              scaled to size 10.95pt on input line 287.
LaTeX Font Info:    Font shape `T1/LinuxBiolinumT-TLF/m/n' will be
(Font)              scaled to size 10.95pt on input line 287.
LaTeX Font Info:    Font shape `OT1/LinuxLibertineT-TLF/m/n' will be
(Font)              scaled to size 10.95pt on input line 287.
Package microtype Info: Loading generic protrusion settings for font family
(microtype)             `LinuxLibertineT-TLF' (encoding: OT1).
(microtype)             For optimal results, create family-specific settings.
(microtype)             See the microtype manual for details.
LaTeX Font Info:    Font shape `OT1/LinuxLibertineT-TLF/m/n' will be
(Font)              scaled to size 8.0pt on input line 287.
LaTeX Font Info:    Font shape `OT1/LinuxLibertineT-TLF/m/n' will be
(Font)              scaled to size 6.1pt on input line 287.

(/nix/store/i0cbdkq85sfl53m8ax25wqikvpzlpngs-texlive-combined-full-2021-final/s
hare/texmf/tex/latex/microtype/mt-msa.cfg
File: mt-msa.cfg 2006/02/04 v1.1 microtype config. file: AMS symbols (a) (RS)
)
(/nix/store/i0cbdkq85sfl53m8ax25wqikvpzlpngs-texlive-combined-full-2021-final/s
hare/texmf/tex/latex/microtype/mt-msb.cfg
File: mt-msb.cfg 2005/06/01 v1.0 microtype config. file: AMS symbols (b) (RS)
)
LaTeX Font Info:    Trying to load font information for TS1+LinuxBiolinumT-TLF 
on input line 287.

(/nix/store/i0cbdkq85sfl53m8ax25wqikvpzlpngs-texlive-combined-full-2021-final/s
hare/texmf/tex/latex/libertine/TS1LinuxBiolinumT-TLF.fd
File: TS1LinuxBiolinumT-TLF.fd 2017/03/20 (autoinst) Font definitions for TS1/L
inuxBiolinumT-TLF.
)
LaTeX Font Info:    Font shape `TS1/LinuxBiolinumT-TLF/m/n' will be
(Font)              scaled to size 8.0pt on input line 287.
Package microtype Info: Loading generic protrusion settings for font family
(microtype)             `LinuxBiolinumT-TLF' (encoding: TS1).
(microtype)             For optimal results, create family-specific settings.
(microtype)             See the microtype manual for details.
LaTeX Font Info:    Font shape `T1/LinuxBiolinumT-TLF/m/n' will be
(Font)              scaled to size 9.0pt on input line 287.
<sampleteaser.pdf, id=160, 2055.68pt x 511.9125pt>
File: sampleteaser.pdf Graphic file (type pdf)
<use sampleteaser.pdf>
Package pdftex.def Info: sampleteaser.pdf  used on input line 287.
(pdftex.def)             Requested size: 430.00462pt x 107.07518pt.
LaTeX Font Info:    Font shape `T1/LinuxBiolinumT-TLF/m/n' will be
(Font)              scaled to size 8.0pt on input line 287.
LaTeX Font Info:    Font shape `T1/LinuxLibertineT-TLF/m/n' will be
(Font)              scaled to size 5.5pt on input line 287.
LaTeX Font Info:    Trying to load font information for TS1+LinuxLibertineT-TLF
 on input line 287.

(/nix/store/i0cbdkq85sfl53m8ax25wqikvpzlpngs-texlive-combined-full-2021-final/s
hare/texmf/tex/latex/libertine/TS1LinuxLibertineT-TLF.fd
File: TS1LinuxLibertineT-TLF.fd 2017/03/20 (autoinst) Font definitions for TS1/
LinuxLibertineT-TLF.
)
LaTeX Font Info:    Font shape `TS1/LinuxLibertineT-TLF/m/n' will be
(Font)              scaled to size 5.5pt on input line 287.
Package microtype Info: Loading generic protrusion settings for font family
(microtype)             `LinuxLibertineT-TLF' (encoding: TS1).
(microtype)             For optimal results, create family-specific settings.
(microtype)             See the microtype manual for details.
LaTeX Font Info:    Font shape `TS1/LinuxLibertineT-TLF/m/n' will be
(Font)              scaled to size 7.0pt on input line 287.
LaTeX Font Info:    Font shape `T1/LinuxLibertineT-TLF/m/n' will be
(Font)              scaled to size 8.0pt on input line 287.
LaTeX Font Info:    Font shape `OT1/LinuxLibertineT-TLF/m/n' will be
(Font)              scaled to size 6.2pt on input line 287.
LaTeX Font Info:    Font shape `T1/LinuxLibertineT-TLF/m/n' will be
(Font)              scaled to size 6.2pt on input line 287.
LaTeX Font Info:    Font shape `TS1/LinuxLibertineT-TLF/m/n' will be
(Font)              scaled to size 8.0pt on input line 287.
LaTeX Font Info:    Font shape `T1/LinuxLibertineT-TLF/b/n' will be
(Font)              scaled to size 8.0pt on input line 287.
LaTeX Font Info:    Font shape `T1/LinuxLibertineT-TLF/m/it' will be
(Font)              scaled to size 8.0pt on input line 287.
LaTeX Font Info:    Font shape `T1/LinuxBiolinumT-TLF/b/n' will be
(Font)              scaled to size 9.0pt on input line 289.
LaTeX Font Info:    Font shape `T1/LinuxLibertineT-TLF/b/n' will be
(Font)              scaled to size 9.0pt on input line 290.
LaTeX Font Info:    Font shape `T1/LinuxLibertineT-TLF/m/it' will be
(Font)              scaled to size 9.0pt on input line 290.
LaTeX Font Info:    Font shape `T1/LinuxLibertineT-TLF/m/n' will be
(Font)              scaled to size 6.0pt on input line 297.
 [1.1{/nix/store/i0cbdkq85sfl53m8ax25wqikvpzlpngs-texlive-combined-full-2021-fi
nal/share/texmf-var/fonts/map/pdftex/updmap/pdftex.map} <./sampleteaser.pdf>]

Package natbib Warning: Citation `datalog' on page 2 undefined on input line 30
1.

LaTeX Font Info:    Font shape `OT1/LinuxLibertineT-TLF/m/n' will be
(Font)              scaled to size 9.0pt on input line 308.
LaTeX Font Info:    Font shape `T1/LinuxLibertineT-TLF/m/n' will be
(Font)              scaled to size 7.3pt on input line 308.

Package natbib Warning: Citation `datalog' on page 2 undefined on input line 30
8.


Package natbib Warning: Citation `rdfox' on page 2 undefined on input line 309.



Package natbib Warning: Citation `others?' on page 2 undefined on input line 30
9.


Package natbib Warning: Citation `bigdatalog' on page 2 undefined on input line
 314.


Package natbib Warning: Citation `cog' on page 2 undefined on input line 314.


Package natbib Warning: Citation `cog2' on page 2 undefined on input line 314.


Package natbib Warning: Citation `logica' on page 2 undefined on input line 315
.


Package natbib Warning: Citation `yedalog' on page 2 undefined on input line 31
5.


Package natbib Warning: Citation `vadalog' on page 2 undefined on input line 31
5.


Package natbib Warning: Citation `datalog_plus_minus' on page 2 undefined on in
put line 325.


Package natbib Warning: Citation `sticky' on page 2 undefined on input line 326
.


Package natbib Warning: Citation `warded' on page 2 undefined on input line 326
.


Package natbib Warning: Citation `monadic' on page 2 undefined on input line 32
6.


Package natbib Warning: Citation `vadalog' on page 2 undefined on input line 32
9.


Package natbib Warning: Citation `rdfox' on page 2 undefined on input line 330.



Package natbib Warning: Citation `datascript' on page 2 undefined on input line
 334.


Package natbib Warning: Citation `opa' on page 2 undefined on input line 335.


Package natbib Warning: Citation `datomic' on page 2 undefined on input line 33
6.


Package natbib Warning: Citation `COST' on page 2 undefined on input line 347.


Package natbib Warning: Citation `blogdynamicdatalog' on page 2 undefined on in
put line 351.


Package natbib Warning: Citation `blogvldbsigmod' on page 2 undefined on input 
line 351.


Underfull \vbox (badness 10000) has occurred while \output is active []

LaTeX Font Info:    Font shape `T1/LinuxBiolinumT-TLF/m/n' will be
(Font)              scaled to size 7.0pt on input line 361.
 [2.2]

Package natbib Warning: Citation `differential_dataflow' on page 3 undefined on
 input line 377.


Package natbib Warning: Citation `rdfox' on page 3 undefined on input line 390.



Package natbib Warning: Citation `recstep' on page 3 undefined on input line 39
1.


Package natbib Warning: Citation `dcdatalog' on page 3 undefined on input line 
392.


Package natbib Warning: Citation `deals' on page 3 undefined on input line 393.



Package natbib Warning: Citation `bigdatalog' on page 3 undefined on input line
 396.


Package natbib Warning: Citation `spark' on page 3 undefined on input line 397.



Package natbib Warning: Citation `cog' on page 3 undefined on input line 398.


Package natbib Warning: Citation `flink' on page 3 undefined on input line 398.



Package natbib Warning: Citation `nexus' on page 3 undefined on input line 401.



Package natbib Warning: Citation `bddbddb' on page 3 undefined on input line 40
8.


Package natbib Warning: Citation `microzee' on page 3 undefined on input line 4
08.


Package natbib Warning: Citation `souffle_btree' on page 3 undefined on input l
ine 408.


Package natbib Warning: Citation `souffle_btree' on page 3 undefined on input l
ine 410.


Underfull \vbox (badness 10000) has occurred while \output is active []

 [3.3]

Package natbib Warning: Citation `all_you_ever_wanted_to_ask' on page 4 undefin
ed on input line 419.


Package natbib Warning: Citation `datalog' on page 4 undefined on input line 43
8.


Underfull \vbox (badness 1571) has occurred while \output is active []

 [4.4]

Package natbib Warning: Citation `datalog' on page 5 undefined on input line 50
9.


Underfull \vbox (badness 10000) has occurred while \output is active []

 [5.5]

Package natbib Warning: Citation `datalog' on page 6 undefined on input line 53
7.

LaTeX Font Info:    Font shape `T1/LinuxLibertineT-TLF/b/n' will be
(Font)              scaled to size 6.0pt on input line 559.

LaTeX Warning: `!h' float specifier changed to `!ht'.

LaTeX Font Info:    Font shape `T1/LinuxBiolinumT-TLF/m/it' will be
(Font)              scaled to size 9.0pt on input line 581.
[6.6]
LaTeX Font Info:    Trying to load font information for T1+zi4 on input line 62
8.

(/nix/store/i0cbdkq85sfl53m8ax25wqikvpzlpngs-texlive-combined-full-2021-final/s
hare/texmf/tex/latex/inconsolata/t1zi4.fd
File: t1zi4.fd 2018/01/14 T1/zi4 (Inconsolata)
)
LaTeX Font Info:    Font shape `T1/zi4/m/n' will be
(Font)              scaled to size 9.0pt on input line 628.
Package microtype Info: Loading generic protrusion settings for font family
(microtype)             `zi4' (encoding: T1).
(microtype)             For optimal results, create family-specific settings.
(microtype)             See the microtype manual for details.
 [7.7]
LaTeX Font Info:    Font shape `T1/LinuxLibertineT-TLF/m/it' will be
(Font)              scaled to size 7.3pt on input line 643.
 [8.8] [9.9] [10.10]

Package natbib Warning: Citation `Lamport:LaTeX' on page 11 undefined on input 
line 902.

[11.11]
<sample-franklin.png, id=276, 411.5375pt x 323.2075pt>
File: sample-franklin.png Graphic file (type png)
<use sample-franklin.png>
Package pdftex.def Info: sample-franklin.png  used on input line 943.
(pdftex.def)             Requested size: 430.00462pt x 337.71095pt.
 [12.12 <./sample-franklin.png>]
LaTeX Font Info:    Font shape `T1/LinuxLibertineT-TLF/m/sc' will be
(Font)              scaled to size 9.0pt on input line 991.

Overfull \hbox (5.76688pt too wide) in paragraph at lines 998--1000
[]\T1/LinuxLibertineT-TLF/m/n/9 (-20) The bib-li-og-ra-phy is in-cluded in your
 source doc-u-ment with these two com-mands, placed just be-fore the [][]\T1/zi
4/m/n/9 \end{document}
 []


Package natbib Warning: Citation `Abril07' on page 13 undefined on input line 1
016.


Package natbib Warning: Citation `Cohen07' on page 13 undefined on input line 1
017.


Package natbib Warning: Citation `JCohen96' on page 13 undefined on input line 
1018.


Package natbib Warning: Citation `Kosiur01' on page 13 undefined on input line 
1018.


Package natbib Warning: Citation `Harel79' on page 13 undefined on input line 1
020.


Package natbib Warning: Citation `Editor00' on page 13 undefined on input line 
1021.


Package natbib Warning: Citation `Editor00a' on page 13 undefined on input line
 1022.


Package natbib Warning: Citation `Spector90' on page 13 undefined on input line
 1024.


Package natbib Warning: Citation `Douglass98' on page 13 undefined on input lin
e 1025.


Package natbib Warning: Citation `Knuth97' on page 13 undefined on input line 1
026.


Package natbib Warning: Citation `Andler79' on page 13 undefined on input line 
1028.


Package natbib Warning: Citation `Hagerup1993' on page 13 undefined on input li
ne 1028.


Package natbib Warning: Citation `Smith10' on page 13 undefined on input line 1
029.


Package natbib Warning: Citation `VanGundy07' on page 13 undefined on input lin
e 1030.


Package natbib Warning: Citation `Harel78' on page 13 undefined on input line 1
031.


Package natbib Warning: Citation `Bornmann2019' on page 13 undefined on input l
ine 1032.


Package natbib Warning: Citation `AnzarootPBM14' on page 13 undefined on input 
line 1032.


Package natbib Warning: Citation `Clarkson85' on page 13 undefined on input lin
e 1032.


Package natbib Warning: Citation `anisi03' on page 13 undefined on input line 1
033.


Package natbib Warning: Citation `Thornburg01' on page 13 undefined on input li
ne 1034.


Package natbib Warning: Citation `Ablamowicz07' on page 13 undefined on input l
ine 1034.


Package natbib Warning: Citation `Poker06' on page 13 undefined on input line 1
034.


Package natbib Warning: Citation `Obama08' on page 13 undefined on input line 1
035.


Package natbib Warning: Citation `Novak03' on page 13 undefined on input line 1
035.


Package natbib Warning: Citation `Lee05' on page 13 undefined on input line 103
5.


Package natbib Warning: Citation `JoeScientist001' on page 13 undefined on inpu
t line 1036.


Package natbib Warning: Citation `rous08' on page 13 undefined on input line 10
37.


Package natbib Warning: Citation `SaeediMEJ10' on page 13 undefined on input li
ne 1038.


Package natbib Warning: Citation `SaeediJETC10' on page 13 undefined on input l
ine 1038.


Package natbib Warning: Citation `Kirschmer:2010:AEI:1958016.1958018' on page 1
3 undefined on input line 1040.


Package natbib Warning: Citation `MR781536' on page 13 undefined on input line 
1041.


Package natbib Warning: Citation `MR781537' on page 13 undefined on input line 
1041.


Package natbib Warning: Citation `2004:ITE:1009386.1010128' on page 13 undefine
d on input line 1043.


Package natbib Warning: Citation `Kirschmer:2010:AEI:1958016.1958018' on page 1
3 undefined on input line 1043.


Package natbib Warning: Citation `TUGInstmem' on page 13 undefined on input lin
e 1044.


Package natbib Warning: Citation `Thornburg01' on page 13 undefined on input li
ne 1044.


Package natbib Warning: Citation `CTANacmart' on page 13 undefined on input lin
e 1044.


Package natbib Warning: Citation `R' on page 13 undefined on input line 1045.


Package natbib Warning: Citation `UMassCitations' on page 13 undefined on input
 line 1045.

[13.13] [14.14] Processing 'acks' comment.
\openout3 = `comment.cut'.


Comment 'acks' writing to comment.cut. Straight input of comment.cut.
(./comment.cut)
No file b2bdatalog.bbl.

Package natbib Warning: There were undefined citations.


(/nix/store/i0cbdkq85sfl53m8ax25wqikvpzlpngs-texlive-combined-full-2021-final/s
hare/texmf/tex/generic/stringenc/se-pdfdoc.def
File: se-pdfdoc.def 2019/11/29 v1.12 stringenc: PDFDocEncoding
)
(/nix/store/i0cbdkq85sfl53m8ax25wqikvpzlpngs-texlive-combined-full-2021-final/s
hare/texmf/tex/generic/stringenc/se-utf8.def
File: se-utf8.def 2019/11/29 v1.12 stringenc: UTF-8
)

Class acmart Warning: \vspace should only be used to provide space above/below 
surrounding objects on input line 1167.

[15.15] (./b2bdatalog.aux)

LaTeX Warning: Label(s) may have changed. Rerun to get cross-references right.

Package rerunfilecheck Info: File `b2bdatalog.out' has not changed.
(rerunfilecheck)             Checksum: B11C5F72970642B5B10864B3A8D78DA3;5589.
 ) 
Here is how much of TeX's memory you used:
 22278 strings out of 478278
 382349 string characters out of 5819600
 735813 words of memory out of 5000000
 39299 multiletter control sequences out of 15000+600000
 686265 words of font info for 449 fonts, out of 8000000 for 9000
 1302 hyphenation exceptions out of 8191
 84i,18n,131p,1056b,753s stack positions out of 5000i,500n,10000p,200000b,80000s
{/nix/store/i0cbdkq85sfl53m8ax25wqikvpzlpngs-texlive-combined-full-2021-final
/share/texmf/fonts/enc/dvips/libertine/lbtn_ncsllp.enc}{/nix/store/i0cbdkq85sfl
53m8ax25wqikvpzlpngs-texlive-combined-full-2021-final/share/texmf/fonts/enc/dvi
ps/inconsolata/i4-t1-4.enc}{/nix/store/i0cbdkq85sfl53m8ax25wqikvpzlpngs-texlive
-combined-full-2021-final/share/texmf/fonts/enc/dvips/libertine/lbtn_25tcsq.enc
}{/nix/store/i0cbdkq85sfl53m8ax25wqikvpzlpngs-texlive-combined-full-2021-final/
share/texmf/fonts/enc/dvips/libertine/lbtn_oexx6f.enc}{/nix/store/i0cbdkq85sfl5
3m8ax25wqikvpzlpngs-texlive-combined-full-2021-final/share/texmf/fonts/enc/dvip
s/libertine/lbtn_7grukw.enc}{/nix/store/i0cbdkq85sfl53m8ax25wqikvpzlpngs-texliv
e-combined-full-2021-final/share/texmf/fonts/enc/dvips/libertine/lbtn_nh77jq.en
c}{/nix/store/i0cbdkq85sfl53m8ax25wqikvpzlpngs-texlive-combined-full-2021-final
/share/texmf/fonts/enc/dvips/libertine/lbtn_naooyc.enc}{/nix/store/i0cbdkq85sfl
53m8ax25wqikvpzlpngs-texlive-combined-full-2021-final/share/texmf/fonts/enc/dvi
ps/libertine/lbtn_afusau.enc}{/nix/store/i0cbdkq85sfl53m8ax25wqikvpzlpngs-texli
ve-combined-full-2021-final/share/texmf/fonts/enc/dvips/libertine/lbtn_76gpa5.e
nc}</nix/store/i0cbdkq85sfl53m8ax25wqikvpzlpngs-texlive-combined-full-2021-fina
l/share/texmf/fonts/type1/public/inconsolata/Inconsolata-zi4r.pfb></nix/store/i
0cbdkq85sfl53m8ax25wqikvpzlpngs-texlive-combined-full-2021-final/share/texmf/fo
nts/type1/public/newtx/LibertineMathMI.pfb></nix/store/i0cbdkq85sfl53m8ax25wqik
vpzlpngs-texlive-combined-full-2021-final/share/texmf/fonts/type1/public/newtx/
LibertineMathMI7.pfb></nix/store/i0cbdkq85sfl53m8ax25wqikvpzlpngs-texlive-combi
ned-full-2021-final/share/texmf/fonts/type1/public/newtx/LibertineMathRM.pfb></
nix/store/i0cbdkq85sfl53m8ax25wqikvpzlpngs-texlive-combined-full-2021-final/sha
re/texmf/fonts/type1/public/libertine/LinBiolinumT.pfb></nix/store/i0cbdkq85sfl
53m8ax25wqikvpzlpngs-texlive-combined-full-2021-final/share/texmf/fonts/type1/p
ublic/libertine/LinBiolinumTB.pfb></nix/store/i0cbdkq85sfl53m8ax25wqikvpzlpngs-
texlive-combined-full-2021-final/share/texmf/fonts/type1/public/libertine/LinBi
olinumTI.pfb></nix/store/i0cbdkq85sfl53m8ax25wqikvpzlpngs-texlive-combined-full
-2021-final/share/texmf/fonts/type1/public/libertine/LinLibertineT.pfb></nix/st
ore/i0cbdkq85sfl53m8ax25wqikvpzlpngs-texlive-combined-full-2021-final/share/tex
mf/fonts/type1/public/libertine/LinLibertineTB.pfb></nix/store/i0cbdkq85sfl53m8
ax25wqikvpzlpngs-texlive-combined-full-2021-final/share/texmf/fonts/type1/publi
c/libertine/LinLibertineTI.pfb></nix/store/i0cbdkq85sfl53m8ax25wqikvpzlpngs-tex
live-combined-full-2021-final/share/texmf/fonts/type1/public/newtx/txexs.pfb></
nix/store/i0cbdkq85sfl53m8ax25wqikvpzlpngs-texlive-combined-full-2021-final/sha
re/texmf/fonts/type1/public/newtx/txmiaX.pfb></nix/store/i0cbdkq85sfl53m8ax25wq
ikvpzlpngs-texlive-combined-full-2021-final/share/texmf/fonts/type1/public/newt
x/txsys.pfb>
Output written on b2bdatalog.pdf (15 pages, 1102557 bytes).
PDF statistics:
 397 PDF objects out of 1000 (max. 8388607)
 336 compressed objects within 4 object streams
 87 named destinations out of 1000 (max. 500000)
 127819 words of extra memory for PDF output out of 128383 (max. 10000000)

