This is pdfTeX, Version 3.141592653-2.6-1.40.22 (TeX Live 2021/nixos.org) (preloaded format=pdflatex 1980.1.1)  2 NOV 2022 23:18
entering extended mode
 restricted \write18 enabled.
 %&-line parsing enabled.
**&pdflatex prv_b2bdatalog.ini \nonstopmode\nofiles\PassOptionsToPackage{active,tightpage,auctex}{preview}\AtBeginDocument{\ifx\ifPreview\undefined\RequirePackage[displaymath,floats,graphics,textmath,sections,footnotes]{preview}[2004/11/05]\fi} \input \detokenize{ b2bdatalog.tex }
(./prv_b2bdatalog.ini
LaTeX2e <2021-11-15> patch level 1
L3 programming layer <2022-02-24> (/nix/store/dryz6jxrnq7fkbwnvvabfidkhy4mg16f-texlive-combined-full-2021-final/share/texmf/tex/latex/mylatex/mylatex.ltx)) (/nix/store/dryz6jxrnq7fkbwnvvabfidkhy4mg16f-texlive-combined-full-2021-final/share/texmf/tex/latex/tools/.tex File ignored)
No auxiliary output files.

(./b2bdatalog.tex (./acmart.cls
Document Class: acmart 2022/08/27 v1.87 Typesetting articles for the Association for Computing Machinery
(/nix/store/dryz6jxrnq7fkbwnvvabfidkhy4mg16f-texlive-combined-full-2021-final/share/texmf/tex/latex/xkeyval/xkeyval.sty
Package: xkeyval 2020/11/20 v2.8 package option processing (HA)
 (/nix/store/dryz6jxrnq7fkbwnvvabfidkhy4mg16f-texlive-combined-full-2021-final/share/texmf/tex/generic/xkeyval/xkeyval.tex (/nix/store/dryz6jxrnq7fkbwnvvabfidkhy4mg16f-texlive-combined-full-2021-final/share/texmf/tex/generic/xkeyval/xkvutils.tex
\XKV@toks=\toks16
\XKV@tempa@toks=\toks17
 (/nix/store/dryz6jxrnq7fkbwnvvabfidkhy4mg16f-texlive-combined-full-2021-final/share/texmf/tex/generic/xkeyval/keyval.tex))
\XKV@depth=\count185
File: xkeyval.tex 2014/12/03 v2.7a key=value parser (HA)
)) (/nix/store/dryz6jxrnq7fkbwnvvabfidkhy4mg16f-texlive-combined-full-2021-final/share/texmf/tex/generic/xstring/xstring.sty (/nix/store/dryz6jxrnq7fkbwnvvabfidkhy4mg16f-texlive-combined-full-2021-final/share/texmf/tex/generic/xstring/xstring.tex
\integerpart=\count186
\decimalpart=\count187
)
Package: xstring 2021/07/21 v1.84 String manipulations (CT)
) (/nix/store/dryz6jxrnq7fkbwnvvabfidkhy4mg16f-texlive-combined-full-2021-final/share/texmf/tex/generic/iftex/iftex.sty
Package: iftex 2022/02/03 v1.0f TeX engine tests
)
Package acmart Info: Not using screen mode on input line 76.
Package acmart Info: Using breaking urls on hyphens on input line 84.
Package acmart Info: Requiring acmthm on input line 92.
Package acmart Info: Not using review mode on input line 101.
Package acmart Info: Not using authorversion mode on input line 109.
Package acmart Info: Not using nonacm mode on input line 121.
Package acmart Info: Explicitly selecting natbib mode on input line 137.
Package acmart Info: Not using anonymous mode on input line 145.
Package acmart Info: Not using timestamp mode on input line 153.
Package acmart Info: Not using authordraft mode on input line 163.
Package acmart Info: Using screen mode on input line 178.
Package acmart Info: Using review mode on input line 178.
Class acmart Info: Using format manuscript, number 0 on input line 178.
Class acmart Info: Using fontsize 9pt on input line 277.
 (/nix/store/dryz6jxrnq7fkbwnvvabfidkhy4mg16f-texlive-combined-full-2021-final/share/texmf/tex/latex/amscls/amsart.cls
Document Class: amsart 2020/05/29 v2.20.6
\linespacing=\dimen138
\normalparindent=\dimen139
\normaltopskip=\skip47
(/nix/store/dryz6jxrnq7fkbwnvvabfidkhy4mg16f-texlive-combined-full-2021-final/share/texmf/tex/latex/amsmath/amsmath.sty
Package: amsmath 2021/10/15 v2.17l AMS math features
\@mathmargin=\skip48

For additional information on amsmath, use the `?' option.
(/nix/store/dryz6jxrnq7fkbwnvvabfidkhy4mg16f-texlive-combined-full-2021-final/share/texmf/tex/latex/amsmath/amstext.sty
Package: amstext 2021/08/26 v2.01 AMS text
 (/nix/store/dryz6jxrnq7fkbwnvvabfidkhy4mg16f-texlive-combined-full-2021-final/share/texmf/tex/latex/amsmath/amsgen.sty
File: amsgen.sty 1999/11/30 v2.0 generic functions
\@emptytoks=\toks18
\ex@=\dimen140
)) (/nix/store/dryz6jxrnq7fkbwnvvabfidkhy4mg16f-texlive-combined-full-2021-final/share/texmf/tex/latex/amsmath/amsbsy.sty
Package: amsbsy 1999/11/29 v1.2d Bold Symbols
\pmbraise@=\dimen141
) (/nix/store/dryz6jxrnq7fkbwnvvabfidkhy4mg16f-texlive-combined-full-2021-final/share/texmf/tex/latex/amsmath/amsopn.sty
Package: amsopn 2021/08/26 v2.02 operator names
)
\inf@bad=\count188
LaTeX Info: Redefining \frac on input line 234.
\uproot@=\count189
\leftroot@=\count190
LaTeX Info: Redefining \overline on input line 399.
\classnum@=\count191
\DOTSCASE@=\count192
LaTeX Info: Redefining \ldots on input line 496.
LaTeX Info: Redefining \dots on input line 499.
LaTeX Info: Redefining \cdots on input line 620.
\Mathstrutbox@=\box50
\strutbox@=\box51
\big@size=\dimen142
LaTeX Font Info:    Redeclaring font encoding OML on input line 743.
LaTeX Font Info:    Redeclaring font encoding OMS on input line 744.
\macc@depth=\count193
\c@MaxMatrixCols=\count194
\dotsspace@=\muskip16
\c@parentequation=\count195
\dspbrk@lvl=\count196
\tag@help=\toks19
\row@=\count197
\column@=\count198
\maxfields@=\count199
\andhelp@=\toks20
\eqnshift@=\dimen143
\alignsep@=\dimen144
\tagshift@=\dimen145
\tagwidth@=\dimen146
\totwidth@=\dimen147
\lineht@=\dimen148
\@envbody=\toks21
\multlinegap=\skip49
\multlinetaggap=\skip50
\mathdisplay@stack=\toks22
LaTeX Info: Redefining \[ on input line 2938.
LaTeX Info: Redefining \] on input line 2939.
)
LaTeX Font Info:    Trying to load font information for U+msa on input line 397.
 (/nix/store/dryz6jxrnq7fkbwnvvabfidkhy4mg16f-texlive-combined-full-2021-final/share/texmf/tex/latex/amsfonts/umsa.fd
File: umsa.fd 2013/01/14 v3.01 AMS symbols A
) (/nix/store/dryz6jxrnq7fkbwnvvabfidkhy4mg16f-texlive-combined-full-2021-final/share/texmf/tex/latex/amsfonts/amsfonts.sty
Package: amsfonts 2013/01/14 v3.01 Basic AMSFonts support
\symAMSa=\mathgroup4
\symAMSb=\mathgroup5
LaTeX Font Info:    Redeclaring math symbol \hbar on input line 98.
LaTeX Font Info:    Overwriting math alphabet `\mathfrak' in version `bold'
(Font)                  U/euf/m/n --> U/euf/b/n on input line 106.
)
\copyins=\insert252
\abstractbox=\box52
\listisep=\skip51
\c@part=\count266
\c@section=\count267
\c@subsection=\count268
\c@subsubsection=\count269
\c@paragraph=\count270
\c@subparagraph=\count271
\c@figure=\count272
\c@table=\count273
\abovecaptionskip=\skip52
\belowcaptionskip=\skip53
\captionindent=\dimen149
\thm@style=\toks23
\thm@bodyfont=\toks24
\thm@headfont=\toks25
\thm@notefont=\toks26
\thm@headpunct=\toks27
\thm@preskip=\skip54
\thm@postskip=\skip55
\thm@headsep=\skip56
\dth@everypar=\toks28
) (/nix/store/dryz6jxrnq7fkbwnvvabfidkhy4mg16f-texlive-combined-full-2021-final/share/texmf/tex/latex/microtype/microtype.sty
Package: microtype 2022/03/14 v3.0d Micro-typographical refinements (RS)
 (/nix/store/dryz6jxrnq7fkbwnvvabfidkhy4mg16f-texlive-combined-full-2021-final/share/texmf/tex/latex/etoolbox/etoolbox.sty
Package: etoolbox 2020/10/05 v2.5k e-TeX tools for LaTeX (JAW)
\etb@tempcnta=\count274
)
\MT@toks=\toks29
\MT@tempbox=\box53
\MT@count=\count275
LaTeX Info: Redefining \noprotrusionifhmode on input line 1027.
LaTeX Info: Redefining \leftprotrusion on input line 1028.
LaTeX Info: Redefining \rightprotrusion on input line 1036.
LaTeX Info: Redefining \textls on input line 1195.
\MT@outer@kern=\dimen150
LaTeX Info: Redefining \textmicrotypecontext on input line 1781.
\MT@listname@count=\count276

(/nix/store/dryz6jxrnq7fkbwnvvabfidkhy4mg16f-texlive-combined-full-2021-final/share/texmf/tex/latex/microtype/microtype-pdftex.def
File: microtype-pdftex.def 2022/03/14 v3.0d Definitions specific to pdftex (RS)
LaTeX Info: Redefining \lsstyle on input line 900.
LaTeX Info: Redefining \lslig on input line 900.
\MT@outer@space=\skip57
)
Package microtype Info: Loading configuration file microtype.cfg.
 (/nix/store/dryz6jxrnq7fkbwnvvabfidkhy4mg16f-texlive-combined-full-2021-final/share/texmf/tex/latex/microtype/microtype.cfg
File: microtype.cfg 2022/03/14 v3.0d microtype main configuration file (RS)
)) (/nix/store/dryz6jxrnq7fkbwnvvabfidkhy4mg16f-texlive-combined-full-2021-final/share/texmf/tex/latex/booktabs/booktabs.sty
Package: booktabs 2020/01/12 v1.61803398 Publication quality tables
\heavyrulewidth=\dimen151
\lightrulewidth=\dimen152
\cmidrulewidth=\dimen153
\belowrulesep=\dimen154
\belowbottomsep=\dimen155
\aboverulesep=\dimen156
\abovetopsep=\dimen157
\cmidrulesep=\dimen158
\cmidrulekern=\dimen159
\defaultaddspace=\dimen160
\@cmidla=\count277
\@cmidlb=\count278
\@aboverulesep=\dimen161
\@belowrulesep=\dimen162
\@thisruleclass=\count279
\@lastruleclass=\count280
\@thisrulewidth=\dimen163
) (/nix/store/dryz6jxrnq7fkbwnvvabfidkhy4mg16f-texlive-combined-full-2021-final/share/texmf/tex/latex/refcount/refcount.sty
Package: refcount 2019/12/15 v3.6 Data extraction from label references (HO)
 (/nix/store/dryz6jxrnq7fkbwnvvabfidkhy4mg16f-texlive-combined-full-2021-final/share/texmf/tex/generic/ltxcmds/ltxcmds.sty
Package: ltxcmds 2020-05-10 v1.25 LaTeX kernel commands for general use (HO)
) (/nix/store/dryz6jxrnq7fkbwnvvabfidkhy4mg16f-texlive-combined-full-2021-final/share/texmf/tex/generic/infwarerr/infwarerr.sty
Package: infwarerr 2019/12/03 v1.5 Providing info/warning/error messages (HO)
)) (/nix/store/dryz6jxrnq7fkbwnvvabfidkhy4mg16f-texlive-combined-full-2021-final/share/texmf/tex/latex/totpages/totpages.sty
Package: totpages 2005/09/19 v2.00 Totpages Package (muewi)
 (/nix/store/dryz6jxrnq7fkbwnvvabfidkhy4mg16f-texlive-combined-full-2021-final/share/texmf/tex/latex/everyshi/everyshi.sty
Package: everyshi 2020/11/18 v4.00 EveryShipout Package
))
(/nix/store/dryz6jxrnq7fkbwnvvabfidkhy4mg16f-texlive-combined-full-2021-final/share/texmf/tex/latex/environ/environ.sty
Package: environ 2014/05/04 v0.3 A new way to define environments
 (/nix/store/dryz6jxrnq7fkbwnvvabfidkhy4mg16f-texlive-combined-full-2021-final/share/texmf/tex/latex/trimspaces/trimspaces.sty
Package: trimspaces 2009/09/17 v1.1 Trim spaces around a token list
)) (/nix/store/dryz6jxrnq7fkbwnvvabfidkhy4mg16f-texlive-combined-full-2021-final/share/texmf/tex/latex/setspace/setspace.sty
Package: setspace 2011/12/19 v6.7a set line spacing
) (/nix/store/dryz6jxrnq7fkbwnvvabfidkhy4mg16f-texlive-combined-full-2021-final/share/texmf/tex/latex/textcase/textcase.sty
Package: textcase 2019/09/14 v1.00 Text only upper/lower case changing (DPC)
) (/nix/store/dryz6jxrnq7fkbwnvvabfidkhy4mg16f-texlive-combined-full-2021-final/share/texmf/tex/latex/natbib/natbib.sty
Package: natbib 2010/09/13 8.31b (PWD, AO)
\bibhang=\skip58
\bibsep=\skip59
LaTeX Info: Redefining \cite on input line 694.


! LaTeX Error: Command \makeindex undefined.

See the LaTeX manual or LaTeX Companion for explanation.
Type  H <return>  for immediate help.
 ...                                              
                                                  
l.795 \renewcommand\makeindex
                             {\NAT@makeindex
Try typing  <return>  to proceed.
If that doesn't work, type  X <return>  to quit.

\c@NAT@ctr=\count281
) (/nix/store/dryz6jxrnq7fkbwnvvabfidkhy4mg16f-texlive-combined-full-2021-final/share/texmf/tex/latex/hyperxmp/hyperxmp.sty
Package: hyperxmp 2020/11/22 v5.9 Store hyperref metadata in XMP format
\hyxmp@aep@toks=\toks30
 (/nix/store/dryz6jxrnq7fkbwnvvabfidkhy4mg16f-texlive-combined-full-2021-final/share/texmf/tex/latex/kvoptions/kvoptions.sty
Package: kvoptions 2020-10-07 v3.14 Key value format for package options (HO)
 (/nix/store/dryz6jxrnq7fkbwnvvabfidkhy4mg16f-texlive-combined-full-2021-final/share/texmf/tex/generic/kvsetkeys/kvsetkeys.sty
Package: kvsetkeys 2019/12/15 v1.18 Key value parser (HO)
)) (/nix/store/dryz6jxrnq7fkbwnvvabfidkhy4mg16f-texlive-combined-full-2021-final/share/texmf/tex/generic/pdfescape/pdfescape.sty
Package: pdfescape 2019/12/09 v1.15 Implements pdfTeX's escape features (HO)
 (/nix/store/dryz6jxrnq7fkbwnvvabfidkhy4mg16f-texlive-combined-full-2021-final/share/texmf/tex/generic/pdftexcmds/pdftexcmds.sty
Package: pdftexcmds 2020-06-27 v0.33 Utility functions of pdfTeX for LuaTeX (HO)
Package pdftexcmds Info: \pdf@primitive is available.
Package pdftexcmds Info: \pdf@ifprimitive is available.
Package pdftexcmds Info: \pdfdraftmode found.
)) (/nix/store/dryz6jxrnq7fkbwnvvabfidkhy4mg16f-texlive-combined-full-2021-final/share/texmf/tex/generic/stringenc/stringenc.sty
Package: stringenc 2019/11/29 v1.12 Convert strings between diff. encodings (HO)
) (/nix/store/dryz6jxrnq7fkbwnvvabfidkhy4mg16f-texlive-combined-full-2021-final/share/texmf/tex/generic/intcalc/intcalc.sty
Package: intcalc 2019/12/15 v1.3 Expandable calculations with integers (HO)
)
(/nix/store/dryz6jxrnq7fkbwnvvabfidkhy4mg16f-texlive-combined-full-2021-final/share/texmf/tex/latex/ifmtarg/ifmtarg.sty
Package: ifmtarg 2018/04/16 v1.2b check for an empty argument
) (/nix/store/dryz6jxrnq7fkbwnvvabfidkhy4mg16f-texlive-combined-full-2021-final/share/texmf/tex/latex/base/ifthen.sty
Package: ifthen 2020/11/24 v1.1c Standard LaTeX ifthen package (DPC)
) (/nix/store/dryz6jxrnq7fkbwnvvabfidkhy4mg16f-texlive-combined-full-2021-final/share/texmf/tex/latex/oberdiek/ifdraft.sty
Package: ifdraft 2016/05/16 v1.4 Detect class options draft and final (HO)
) (/nix/store/dryz6jxrnq7fkbwnvvabfidkhy4mg16f-texlive-combined-full-2021-final/share/texmf/tex/generic/iftex/ifluatex.sty
Package: ifluatex 2019/10/25 v1.5 ifluatex legacy package. Use iftex instead.
)) (/nix/store/dryz6jxrnq7fkbwnvvabfidkhy4mg16f-texlive-combined-full-2021-final/share/texmf/tex/latex/hyperref/hyperref.sty
Package: hyperref 2022-02-21 v7.00n Hypertext links for LaTeX
 (/nix/store/dryz6jxrnq7fkbwnvvabfidkhy4mg16f-texlive-combined-full-2021-final/share/texmf/tex/generic/kvdefinekeys/kvdefinekeys.sty
Package: kvdefinekeys 2019-12-19 v1.6 Define keys (HO)
) (/nix/store/dryz6jxrnq7fkbwnvvabfidkhy4mg16f-texlive-combined-full-2021-final/share/texmf/tex/latex/hycolor/hycolor.sty
Package: hycolor 2020-01-27 v1.10 Color options for hyperref/bookmark (HO)
) (/nix/store/dryz6jxrnq7fkbwnvvabfidkhy4mg16f-texlive-combined-full-2021-final/share/texmf/tex/latex/letltxmacro/letltxmacro.sty
Package: letltxmacro 2019/12/03 v1.6 Let assignment for LaTeX macros (HO)
)
(/nix/store/dryz6jxrnq7fkbwnvvabfidkhy4mg16f-texlive-combined-full-2021-final/share/texmf/tex/latex/auxhook/auxhook.sty
Package: auxhook 2019-12-17 v1.6 Hooks for auxiliary files (HO)


Package auxhook Warning: Cannot patch \document,
(auxhook)                using \AtBeginDocument instead.

)
\@linkdim=\dimen164
\Hy@linkcounter=\count282
\Hy@pagecounter=\count283
 (/nix/store/dryz6jxrnq7fkbwnvvabfidkhy4mg16f-texlive-combined-full-2021-final/share/texmf/tex/latex/hyperref/pd1enc.def
File: pd1enc.def 2022-02-21 v7.00n Hyperref: PDFDocEncoding definition (HO)
Now handling font encoding PD1 ...
... no UTF-8 mapping file for font encoding PD1
) (/nix/store/dryz6jxrnq7fkbwnvvabfidkhy4mg16f-texlive-combined-full-2021-final/share/texmf/tex/generic/etexcmds/etexcmds.sty
Package: etexcmds 2019/12/15 v1.7 Avoid name clashes with e-TeX commands (HO)
)
\Hy@SavedSpaceFactor=\count284
 (/nix/store/dryz6jxrnq7fkbwnvvabfidkhy4mg16f-texlive-combined-full-2021-final/share/texmf/tex/latex/hyperref/puenc.def
File: puenc.def 2022-02-21 v7.00n Hyperref: PDF Unicode definition (HO)
Now handling font encoding PU ...
... no UTF-8 mapping file for font encoding PU
)
Package hyperref Info: Option `bookmarksnumbered' set `true' on input line 4018.
Package hyperref Info: Option `unicode' set `true' on input line 4018.
Package hyperref Info: Hyper figures OFF on input line 4137.
Package hyperref Info: Link nesting OFF on input line 4142.
Package hyperref Info: Hyper index ON on input line 4145.
Package hyperref Info: Plain pages OFF on input line 4152.
Package hyperref Info: Backreferencing OFF on input line 4157.
Package hyperref Info: Implicit mode ON; LaTeX internals redefined.
Package hyperref Info: Bookmarks ON on input line 4390.
\c@Hy@tempcnt=\count285
 (/nix/store/dryz6jxrnq7fkbwnvvabfidkhy4mg16f-texlive-combined-full-2021-final/share/texmf/tex/latex/url/url.sty
\Urlmuskip=\muskip17
Package: url 2013/09/16  ver 3.4  Verb mode for urls, etc.
)
LaTeX Info: Redefining \url on input line 4749.
\XeTeXLinkMargin=\dimen165
 (/nix/store/dryz6jxrnq7fkbwnvvabfidkhy4mg16f-texlive-combined-full-2021-final/share/texmf/tex/generic/bitset/bitset.sty
Package: bitset 2019/12/09 v1.3 Handle bit-vector datatype (HO)
 (/nix/store/dryz6jxrnq7fkbwnvvabfidkhy4mg16f-texlive-combined-full-2021-final/share/texmf/tex/generic/bigintcalc/bigintcalc.sty
Package: bigintcalc 2019/12/15 v1.5 Expandable calculations on big integers (HO)
))
\Fld@menulength=\count286
\Field@Width=\dimen166
\Fld@charsize=\dimen167
Package hyperref Info: Hyper figures OFF on input line 6027.
Package hyperref Info: Link nesting OFF on input line 6032.
Package hyperref Info: Hyper index ON on input line 6035.
Package hyperref Info: backreferencing OFF on input line 6042.
Package hyperref Info: Link coloring OFF on input line 6047.
Package hyperref Info: Link coloring with OCG OFF on input line 6052.
Package hyperref Info: PDF/A mode OFF on input line 6057.
LaTeX Info: Redefining \ref on input line 6097.
LaTeX Info: Redefining \pageref on input line 6101.
 (/nix/store/dryz6jxrnq7fkbwnvvabfidkhy4mg16f-texlive-combined-full-2021-final/share/texmf/tex/latex/base/atbegshi-ltx.sty
Package: atbegshi-ltx 2021/01/10 v1.0c Emulation of the original atbegshi
package with kernel methods
)
\Hy@abspage=\count287
\c@Item=\count288
\c@Hfootnote=\count289
)
Package hyperref Info: Driver (autodetected): hpdftex.
 (/nix/store/dryz6jxrnq7fkbwnvvabfidkhy4mg16f-texlive-combined-full-2021-final/share/texmf/tex/latex/hyperref/hpdftex.def
File: hpdftex.def 2022-02-21 v7.00n Hyperref driver for pdfTeX

(/nix/store/dryz6jxrnq7fkbwnvvabfidkhy4mg16f-texlive-combined-full-2021-final/share/texmf/tex/latex/base/atveryend-ltx.sty
Package: atveryend-ltx 2020/08/19 v1.0a Emulation of the original atveryend package
with kernel methods
)
\Fld@listcount=\count290
\c@bookmark@seq@number=\count291
 (/nix/store/dryz6jxrnq7fkbwnvvabfidkhy4mg16f-texlive-combined-full-2021-final/share/texmf/tex/latex/rerunfilecheck/rerunfilecheck.sty
Package: rerunfilecheck 2019/12/05 v1.9 Rerun checks for auxiliary files (HO)
 (/nix/store/dryz6jxrnq7fkbwnvvabfidkhy4mg16f-texlive-combined-full-2021-final/share/texmf/tex/generic/uniquecounter/uniquecounter.sty
Package: uniquecounter 2019/12/15 v1.4 Provide unlimited unique counter (HO)
)
Package uniquecounter Info: New unique counter `rerunfilecheck' on input line 286.
)
\Hy@SectionHShift=\skip60
) (/nix/store/dryz6jxrnq7fkbwnvvabfidkhy4mg16f-texlive-combined-full-2021-final/share/texmf/tex/latex/graphics/graphicx.sty
Package: graphicx 2021/09/16 v1.2d Enhanced LaTeX Graphics (DPC,SPQR)
 (/nix/store/dryz6jxrnq7fkbwnvvabfidkhy4mg16f-texlive-combined-full-2021-final/share/texmf/tex/latex/graphics/graphics.sty
Package: graphics 2021/03/04 v1.4d Standard LaTeX Graphics (DPC,SPQR)
 (/nix/store/dryz6jxrnq7fkbwnvvabfidkhy4mg16f-texlive-combined-full-2021-final/share/texmf/tex/latex/graphics/trig.sty
Package: trig 2021/08/11 v1.11 sin cos tan (DPC)
) (/nix/store/dryz6jxrnq7fkbwnvvabfidkhy4mg16f-texlive-combined-full-2021-final/share/texmf/tex/latex/graphics-cfg/graphics.cfg
File: graphics.cfg 2016/06/04 v1.11 sample graphics configuration
)
Package graphics Info: Driver file: pdftex.def on input line 107.

(/nix/store/dryz6jxrnq7fkbwnvvabfidkhy4mg16f-texlive-combined-full-2021-final/share/texmf/tex/latex/graphics-def/pdftex.def
File: pdftex.def 2020/10/05 v1.2a Graphics/color driver for pdftex
))
\Gin@req@height=\dimen168
\Gin@req@width=\dimen169
) (/nix/store/dryz6jxrnq7fkbwnvvabfidkhy4mg16f-texlive-combined-full-2021-final/share/texmf/tex/latex/xcolor/xcolor.sty
Package: xcolor 2021/10/31 v2.13 LaTeX color extensions (UK)
 (/nix/store/dryz6jxrnq7fkbwnvvabfidkhy4mg16f-texlive-combined-full-2021-final/share/texmf/tex/latex/graphics-cfg/color.cfg
File: color.cfg 2016/01/02 v1.6 sample color configuration
)
Package xcolor Info: Driver file: pdftex.def on input line 227.
Package xcolor Info: Model `cmy' substituted by `cmy0' on input line 1352.
Package xcolor Info: Model `hsb' substituted by `rgb' on input line 1356.
Package xcolor Info: Model `RGB' extended on input line 1368.
Package xcolor Info: Model `HTML' substituted by `rgb' on input line 1370.
Package xcolor Info: Model `Hsb' substituted by `hsb' on input line 1371.
Package xcolor Info: Model `tHsb' substituted by `hsb' on input line 1372.
Package xcolor Info: Model `HSB' substituted by `hsb' on input line 1373.
Package xcolor Info: Model `Gray' substituted by `gray' on input line 1374.
Package xcolor Info: Model `wave' substituted by `hsb' on input line 1375.
) (/nix/store/dryz6jxrnq7fkbwnvvabfidkhy4mg16f-texlive-combined-full-2021-final/share/texmf/tex/latex/geometry/geometry.sty
Package: geometry 2020/01/02 v5.9 Page Geometry
 (/nix/store/dryz6jxrnq7fkbwnvvabfidkhy4mg16f-texlive-combined-full-2021-final/share/texmf/tex/generic/iftex/ifvtex.sty
Package: ifvtex 2019/10/25 v1.7 ifvtex legacy package. Use iftex instead.
)
\Gm@cnth=\count292
\Gm@cntv=\count293
\c@Gm@tempcnt=\count294
\Gm@bindingoffset=\dimen170
\Gm@wd@mp=\dimen171
\Gm@odd@mp=\dimen172
\Gm@even@mp=\dimen173
\Gm@layoutwidth=\dimen174
\Gm@layoutheight=\dimen175
\Gm@layouthoffset=\dimen176
\Gm@layoutvoffset=\dimen177
\Gm@dimlist=\toks31
) (/nix/store/dryz6jxrnq7fkbwnvvabfidkhy4mg16f-texlive-combined-full-2021-final/share/texmf/tex/latex/ncctools/manyfoot.sty
Package: manyfoot 2019/08/03 v1.11 Many Footnote Levels Package (NCC)
 (/nix/store/dryz6jxrnq7fkbwnvvabfidkhy4mg16f-texlive-combined-full-2021-final/share/texmf/tex/latex/ncctools/nccfoots.sty
Package: nccfoots 2005/02/03 v1.2 NCC Footnotes Package (NCC)
)
\MFL@columnwidth=\dimen178
)
\footinsauthorsaddresses=\insert251
\c@footnoteauthorsaddresses=\count295
\footinscopyrightpermission=\insert250
\c@footnotecopyrightpermission=\count296
 (/nix/store/dryz6jxrnq7fkbwnvvabfidkhy4mg16f-texlive-combined-full-2021-final/share/texmf/tex/generic/pdftex/glyphtounicode.tex)
(/nix/store/dryz6jxrnq7fkbwnvvabfidkhy4mg16f-texlive-combined-full-2021-final/share/texmf/tex/latex/cmap/cmap.sty
Package: cmap 2021/02/06 v1.0j CMap support: searchable PDF
) (/nix/store/dryz6jxrnq7fkbwnvvabfidkhy4mg16f-texlive-combined-full-2021-final/share/texmf/tex/latex/base/fontenc.sty
Package: fontenc 2021/04/29 v2.0v Standard LaTeX package
<<t1.cmap>>) (/nix/store/dryz6jxrnq7fkbwnvvabfidkhy4mg16f-texlive-combined-full-2021-final/share/texmf/tex/latex/libertine/libertine.sty
Package: libertine 2020/03/26 (Bob Tennent) Supports Libertine and Biolinum fonts for all LaTeX engines.
 (/nix/store/dryz6jxrnq7fkbwnvvabfidkhy4mg16f-texlive-combined-full-2021-final/share/texmf/tex/generic/iftex/ifxetex.sty
Package: ifxetex 2019/10/25 v0.7 ifxetex legacy package. Use iftex instead.
) (/nix/store/dryz6jxrnq7fkbwnvvabfidkhy4mg16f-texlive-combined-full-2021-final/share/texmf/tex/latex/base/textcomp.sty
Package: textcomp 2020/02/02 v2.0n Standard LaTeX package
) (/nix/store/dryz6jxrnq7fkbwnvvabfidkhy4mg16f-texlive-combined-full-2021-final/share/texmf/tex/latex/base/fontenc.sty
Package: fontenc 2021/04/29 v2.0v Standard LaTeX package
) (/nix/store/dryz6jxrnq7fkbwnvvabfidkhy4mg16f-texlive-combined-full-2021-final/share/texmf/tex/latex/fontaxes/fontaxes.sty
Package: fontaxes 2020/07/21 v1.0e Font selection axes
LaTeX Info: Redefining \upshape on input line 29.
LaTeX Info: Redefining \itshape on input line 31.
LaTeX Info: Redefining \slshape on input line 33.
LaTeX Info: Redefining \swshape on input line 35.
LaTeX Info: Redefining \scshape on input line 37.
LaTeX Info: Redefining \sscshape on input line 39.
LaTeX Info: Redefining \ulcshape on input line 41.
LaTeX Info: Redefining \textsw on input line 47.
LaTeX Info: Redefining \textssc on input line 48.
LaTeX Info: Redefining \textulc on input line 49.
)
LaTeX Info: Redefining \oldstylenums on input line 484.
 (/nix/store/dryz6jxrnq7fkbwnvvabfidkhy4mg16f-texlive-combined-full-2021-final/share/texmf/tex/latex/libertine/LinLibertine_I.tex))
(/nix/store/dryz6jxrnq7fkbwnvvabfidkhy4mg16f-texlive-combined-full-2021-final/share/texmf/tex/latex/inconsolata/zi4.sty
Package: zi4 2019/05/17 v1.12
 `inconsolata-zi4' v1.12, 2019/05/17 Text macros for Inconsolata (msharpe)
\zifour@ocount=\count297
) (/nix/store/dryz6jxrnq7fkbwnvvabfidkhy4mg16f-texlive-combined-full-2021-final/share/texmf/tex/latex/newtx/newtxmath.sty
Package: newtxmath 2022/01/16 v1.71
 `newtxmath' v1.71, 2022/01/16 Math macros based originally on txfonts (msharpe) (/nix/store/dryz6jxrnq7fkbwnvvabfidkhy4mg16f-texlive-combined-full-2021-final/share/texmf/tex/latex/oberdiek/centernot.sty
Package: centernot 2016/05/16 v1.4 Centers the not symbol horizontally (HO)
)
\tx@cntz=\count298
 (/nix/store/dryz6jxrnq7fkbwnvvabfidkhy4mg16f-texlive-combined-full-2021-final/share/texmf/tex/generic/kastrup/binhex.tex)
\tx@Isdigit=\count299
\tx@IsAlNum=\count300
\tx@tA=\toks32
\tx@tB=\toks33
\tx@su=\read2

amsthm NOT loaded
LaTeX Font Info:    Redeclaring symbol font `operators' on input line 376.
LaTeX Font Info:    Overwriting symbol font `operators' in version `normal'
(Font)                  OT1/cmr/m/n --> OT1/LinuxLibertineT-TLF/m/n on input line 376.
LaTeX Font Info:    Overwriting symbol font `operators' in version `bold'
(Font)                  OT1/cmr/bx/n --> OT1/LinuxLibertineT-TLF/m/n on input line 376.
LaTeX Font Info:    Overwriting symbol font `operators' in version `bold'
(Font)                  OT1/LinuxLibertineT-TLF/m/n --> OT1/LinuxLibertineT-TLF/sb/n on input line 377.
LaTeX Font Info:    Redeclaring math alphabet \mathsf on input line 383.
LaTeX Font Info:    Overwriting math alphabet `\mathsf' in version `normal'
(Font)                  OT1/cmss/m/n --> T1/LinuxBiolinumT-TLF/m/n on input line 383.
LaTeX Font Info:    Overwriting math alphabet `\mathsf' in version `bold'
(Font)                  OT1/cmss/bx/n --> T1/LinuxBiolinumT-TLF/m/n on input line 383.
LaTeX Font Info:    Redeclaring math alphabet \mathit on input line 384.
LaTeX Font Info:    Overwriting math alphabet `\mathit' in version `normal'
(Font)                  OT1/cmr/m/it --> OT1/LinuxLibertineT-TLF/m/it on input line 384.
LaTeX Font Info:    Overwriting math alphabet `\mathit' in version `bold'
(Font)                  OT1/cmr/bx/it --> OT1/LinuxLibertineT-TLF/m/it on input line 384.
LaTeX Font Info:    Redeclaring math alphabet \mathtt on input line 385.
LaTeX Font Info:    Overwriting math alphabet `\mathtt' in version `normal'
(Font)                  OT1/cmtt/m/n --> T1/zi4/m/n on input line 385.
LaTeX Font Info:    Overwriting math alphabet `\mathtt' in version `bold'
(Font)                  OT1/cmtt/m/n --> T1/zi4/m/n on input line 385.
LaTeX Font Info:    Redeclaring math alphabet \mathbf on input line 387.
LaTeX Font Info:    Overwriting math alphabet `\mathbf' in version `normal'
(Font)                  OT1/cmr/bx/n --> OT1/LinuxLibertineT-TLF/sb/n on input line 387.
LaTeX Font Info:    Overwriting math alphabet `\mathbf' in version `bold'
(Font)                  OT1/cmr/bx/n --> OT1/LinuxLibertineT-TLF/sb/n on input line 387.
LaTeX Font Info:    Overwriting math alphabet `\mathit' in version `bold'
(Font)                  OT1/LinuxLibertineT-TLF/m/it --> OT1/LinuxLibertineT-TLF/sb/it on input line 388.
LaTeX Font Info:    Overwriting math alphabet `\mathsf' in version `bold'
(Font)                  T1/LinuxBiolinumT-TLF/m/n --> T1/LinuxBiolinumT-TLF/b/n on input line 389.
LaTeX Font Info:    Overwriting math alphabet `\mathtt' in version `bold'
(Font)                  T1/zi4/m/n --> T1/zi4/b/n on input line 390.
LaTeX Font Info:    Redeclaring symbol font `letters' on input line 407.
LaTeX Font Info:    Overwriting symbol font `letters' in version `normal'
(Font)                  OML/cmm/m/it --> OML/nxlmi/m/it on input line 407.
LaTeX Font Info:    Overwriting symbol font `letters' in version `bold'
(Font)                  OML/cmm/b/it --> OML/nxlmi/m/it on input line 407.
LaTeX Font Info:    Overwriting symbol font `letters' in version `bold'
(Font)                  OML/nxlmi/m/it --> OML/nxlmi/b/it on input line 408.
\symlettersA=\mathgroup6
LaTeX Font Info:    Overwriting symbol font `lettersA' in version `bold'
(Font)                  U/ntxmia/m/it --> U/ntxmia/b/it on input line 547.
LaTeX Font Info:    Redeclaring math alphabet \mathfrak on input line 549.
Now handling font encoding LMS ...
... no UTF-8 mapping file for font encoding LMS
LaTeX Font Info:    Redeclaring symbol font `symbols' on input line 568.
LaTeX Font Info:    Encoding `OMS' has changed to `LMS' for symbol font
(Font)              `symbols' in the math version `normal' on input line 568.
LaTeX Font Info:    Overwriting symbol font `symbols' in version `normal'
(Font)                  OMS/cmsy/m/n --> LMS/ntxsy/m/n on input line 568.
LaTeX Font Info:    Encoding `OMS' has changed to `LMS' for symbol font
(Font)              `symbols' in the math version `bold' on input line 568.
LaTeX Font Info:    Overwriting symbol font `symbols' in version `bold'
(Font)                  OMS/cmsy/b/n --> LMS/ntxsy/m/n on input line 568.
LaTeX Font Info:    Overwriting symbol font `symbols' in version `bold'
(Font)                  LMS/ntxsy/m/n --> LMS/ntxsy/b/n on input line 569.
\symAMSm=\mathgroup7
LaTeX Font Info:    Overwriting symbol font `AMSm' in version `bold'
(Font)                  U/ntxsym/m/n --> U/ntxsym/b/n on input line 594.
\symsymbolsC=\mathgroup8
LaTeX Font Info:    Overwriting symbol font `symbolsC' in version `bold'
(Font)                  U/ntxsyc/m/n --> U/ntxsyc/b/n on input line 615.
Now handling font encoding LMX ...
... no UTF-8 mapping file for font encoding LMX
LaTeX Font Info:    Redeclaring symbol font `largesymbols' on input line 628.
LaTeX Font Info:    Encoding `OMX' has changed to `LMX' for symbol font
(Font)              `largesymbols' in the math version `normal' on input line 628.
LaTeX Font Info:    Overwriting symbol font `largesymbols' in version `normal'
(Font)                  OMX/cmex/m/n --> LMX/ntxexx/m/n on input line 628.
LaTeX Font Info:    Encoding `OMX' has changed to `LMX' for symbol font
(Font)              `largesymbols' in the math version `bold' on input line 628.
LaTeX Font Info:    Overwriting symbol font `largesymbols' in version `bold'
(Font)                  OMX/cmex/m/n --> LMX/ntxexx/m/n on input line 628.
LaTeX Font Info:    Overwriting symbol font `largesymbols' in version `bold'
(Font)                  LMX/ntxexx/m/n --> LMX/ntxexx/b/n on input line 629.
\symlargesymbolsTXA=\mathgroup9
LaTeX Font Info:    Overwriting symbol font `largesymbolsTXA' in version `bold'
(Font)                  U/ntxexa/m/n --> U/ntxexa/b/n on input line 643.
\tx@sbptoks=\toks34
LaTeX Font Info:    Redeclaring math delimiter \lfloor on input line 866.
LaTeX Font Info:    Redeclaring math delimiter \rfloor on input line 867.
LaTeX Font Info:    Redeclaring math delimiter \lceil on input line 868.
LaTeX Font Info:    Redeclaring math delimiter \rceil on input line 869.
LaTeX Font Info:    Redeclaring math delimiter \lbrace on input line 870.
LaTeX Font Info:    Redeclaring math delimiter \rbrace on input line 871.
LaTeX Font Info:    Redeclaring math delimiter \langle on input line 872.
LaTeX Font Info:    Redeclaring math delimiter \rangle on input line 874.
LaTeX Font Info:    Redeclaring math delimiter \arrowvert on input line 878.
LaTeX Font Info:    Redeclaring math delimiter \vert on input line 879.
LaTeX Font Info:    Redeclaring math accent \dot on input line 950.
LaTeX Font Info:    Redeclaring math accent \ddot on input line 951.
LaTeX Font Info:    Redeclaring math accent \vec on input line 2020.
LaTeX Info: Redefining \Bbbk on input line 2810.
LaTeX Info: Redefining \not on input line 2959.
LaTeX Info: Redefining \textsquare on input line 2989.
LaTeX Info: Redefining \openbox on input line 2991.
) (/nix/store/dryz6jxrnq7fkbwnvvabfidkhy4mg16f-texlive-combined-full-2021-final/share/texmf/tex/latex/caption/caption.sty
Package: caption 2022/03/01 v3.6b Customizing captions (AR)
 (/nix/store/dryz6jxrnq7fkbwnvvabfidkhy4mg16f-texlive-combined-full-2021-final/share/texmf/tex/latex/caption/caption3.sty
Package: caption3 2022/03/17 v2.3b caption3 kernel (AR)
\caption@tempdima=\dimen179
\captionmargin=\dimen180
\caption@leftmargin=\dimen181
\caption@rightmargin=\dimen182
\caption@width=\dimen183
\caption@indent=\dimen184
\caption@parindent=\dimen185
\caption@hangindent=\dimen186
Package caption Info: AMS or SMF document class detected.
 (/nix/store/dryz6jxrnq7fkbwnvvabfidkhy4mg16f-texlive-combined-full-2021-final/share/texmf/tex/latex/caption/caption-ams-smf.sto
File: caption-ams-smf.sto 2020/08/22 v2.0 Adaption of the caption package to the AMS and SMF document classes (AR)
))
\c@caption@flags=\count301
\c@continuedfloat=\count302
Package caption Info: hyperref package is loaded.
) (/nix/store/dryz6jxrnq7fkbwnvvabfidkhy4mg16f-texlive-combined-full-2021-final/share/texmf/tex/latex/float/float.sty
Package: float 2001/11/08 v1.3d Float enhancements (AL)
\c@float@type=\count303
\float@exts=\toks35
\float@box=\box54
\@float@everytoks=\toks36
\@floatcapt=\box55
)
\@float@every@sidebar=\toks37
\c@sidebar=\count304
\fulltextwidth=\dimen187
\@ACM@labelwidth=\dimen188
\listisep=\skip61
\num@authorgroups=\count305
\num@authors=\count306
\@ACM@badge@width=\skip62
\@ACM@title@width=\skip63
\@ACM@badge@skip=\skip64
Class acmart Info: Printing CCS on input line 1677.
Class acmart Info: Printing bibformat on input line 1677.
Class acmart Info: Printing folios on input line 1679.
Class acmart Info: Setting authorsperrow to 0 on input line 1687.
 (/nix/store/dryz6jxrnq7fkbwnvvabfidkhy4mg16f-texlive-combined-full-2021-final/share/texmf/tex/latex/comment/comment.sty
\CommentStream=\write3
 Excluding comment 'comment') Excluding comment 'CCSXML'
\c@@concepts=\count307
\mktitle@bx=\box56
\@ACM@acmcpbox=\box57
\@ACM@commabox=\box58
\author@bx=\box59
\author@bx@wd=\dimen189
\author@bx@sep=\skip65
 (/nix/store/dryz6jxrnq7fkbwnvvabfidkhy4mg16f-texlive-combined-full-2021-final/share/texmf/tex/latex/fancyhdr/fancyhdr.sty
Package: fancyhdr 2021/01/28 v4.0.1 Extensive control of page headers and footers
\f@nch@headwidth=\skip66
\f@nch@O@elh=\skip67
\f@nch@O@erh=\skip68
\f@nch@O@olh=\skip69
\f@nch@O@orh=\skip70
\f@nch@O@elf=\skip71
\f@nch@O@erf=\skip72
\f@nch@O@olf=\skip73
\f@nch@O@orf=\skip74
)
\ACM@linecount@bx=\box60
\ACM@linecount@bxht=\skip75
\ACM@linecount=\count308
\@folio@wd=\dimen190
\@folio@ht=\dimen191
\@folio@voffset=\dimen192
 Special comment 'acks'
LaTeX Font Info:    Trying to load font information for T1+LinuxLibertineT-TLF on input line 3505.
 (/nix/store/dryz6jxrnq7fkbwnvvabfidkhy4mg16f-texlive-combined-full-2021-final/share/texmf/tex/latex/libertine/T1LinuxLibertineT-TLF.fd
File: T1LinuxLibertineT-TLF.fd 2017/03/20 (autoinst) Font definitions for T1/LinuxLibertineT-TLF.
)
LaTeX Font Info:    Font shape `T1/LinuxLibertineT-TLF/m/n' will be
(Font)              scaled to size 9.0pt on input line 3505.
)
(/nix/store/dryz6jxrnq7fkbwnvvabfidkhy4mg16f-texlive-combined-full-2021-final/share/texmf/tex/latex/pgf/frontendlayer/tikz.sty (/nix/store/dryz6jxrnq7fkbwnvvabfidkhy4mg16f-texlive-combined-full-2021-final/share/texmf/tex/latex/pgf/basiclayer/pgf.sty (/nix/store/dryz6jxrnq7fkbwnvvabfidkhy4mg16f-texlive-combined-full-2021-final/share/texmf/tex/latex/pgf/utilities/pgfrcs.sty (/nix/store/dryz6jxrnq7fkbwnvvabfidkhy4mg16f-texlive-combined-full-2021-final/share/texmf/tex/generic/pgf/utilities/pgfutil-common.tex
\pgfutil@everybye=\toks38
\pgfutil@tempdima=\dimen193
\pgfutil@tempdimb=\dimen194
 (/nix/store/dryz6jxrnq7fkbwnvvabfidkhy4mg16f-texlive-combined-full-2021-final/share/texmf/tex/generic/pgf/utilities/pgfutil-common-lists.tex)) (/nix/store/dryz6jxrnq7fkbwnvvabfidkhy4mg16f-texlive-combined-full-2021-final/share/texmf/tex/generic/pgf/utilities/pgfutil-latex.def
\pgfutil@abb=\box61
) (/nix/store/dryz6jxrnq7fkbwnvvabfidkhy4mg16f-texlive-combined-full-2021-final/share/texmf/tex/generic/pgf/utilities/pgfrcs.code.tex
(/nix/store/dryz6jxrnq7fkbwnvvabfidkhy4mg16f-texlive-combined-full-2021-final/share/texmf/tex/generic/pgf/pgf.revision.tex)
Package: pgfrcs 2021/05/15 v3.1.9a (3.1.9a)
))
Package: pgf 2021/05/15 v3.1.9a (3.1.9a)
 (/nix/store/dryz6jxrnq7fkbwnvvabfidkhy4mg16f-texlive-combined-full-2021-final/share/texmf/tex/latex/pgf/basiclayer/pgfcore.sty (/nix/store/dryz6jxrnq7fkbwnvvabfidkhy4mg16f-texlive-combined-full-2021-final/share/texmf/tex/latex/pgf/systemlayer/pgfsys.sty (/nix/store/dryz6jxrnq7fkbwnvvabfidkhy4mg16f-texlive-combined-full-2021-final/share/texmf/tex/generic/pgf/systemlayer/pgfsys.code.tex
Package: pgfsys 2021/05/15 v3.1.9a (3.1.9a)
 (/nix/store/dryz6jxrnq7fkbwnvvabfidkhy4mg16f-texlive-combined-full-2021-final/share/texmf/tex/generic/pgf/utilities/pgfkeys.code.tex
\pgfkeys@pathtoks=\toks39
\pgfkeys@temptoks=\toks40
 (/nix/store/dryz6jxrnq7fkbwnvvabfidkhy4mg16f-texlive-combined-full-2021-final/share/texmf/tex/generic/pgf/utilities/pgfkeysfiltered.code.tex
\pgfkeys@tmptoks=\toks41
))
\pgf@x=\dimen195
\pgf@y=\dimen196
\pgf@xa=\dimen197
\pgf@ya=\dimen198
\pgf@xb=\dimen199
\pgf@yb=\dimen256
\pgf@xc=\dimen257
\pgf@yc=\dimen258
\pgf@xd=\dimen259
\pgf@yd=\dimen260
\w@pgf@writea=\write4
\r@pgf@reada=\read3
\c@pgf@counta=\count309
\c@pgf@countb=\count310
\c@pgf@countc=\count311
\c@pgf@countd=\count312
\t@pgf@toka=\toks42
\t@pgf@tokb=\toks43
\t@pgf@tokc=\toks44
\pgf@sys@id@count=\count313
 (/nix/store/dryz6jxrnq7fkbwnvvabfidkhy4mg16f-texlive-combined-full-2021-final/share/texmf/tex/generic/pgf/systemlayer/pgf.cfg
File: pgf.cfg 2021/05/15 v3.1.9a (3.1.9a)
)
Driver file for pgf: pgfsys-pdftex.def

(/nix/store/dryz6jxrnq7fkbwnvvabfidkhy4mg16f-texlive-combined-full-2021-final/share/texmf/tex/generic/pgf/systemlayer/pgfsys-pdftex.def
File: pgfsys-pdftex.def 2021/05/15 v3.1.9a (3.1.9a)
 (/nix/store/dryz6jxrnq7fkbwnvvabfidkhy4mg16f-texlive-combined-full-2021-final/share/texmf/tex/generic/pgf/systemlayer/pgfsys-common-pdf.def
File: pgfsys-common-pdf.def 2021/05/15 v3.1.9a (3.1.9a)
))) (/nix/store/dryz6jxrnq7fkbwnvvabfidkhy4mg16f-texlive-combined-full-2021-final/share/texmf/tex/generic/pgf/systemlayer/pgfsyssoftpath.code.tex
File: pgfsyssoftpath.code.tex 2021/05/15 v3.1.9a (3.1.9a)
\pgfsyssoftpath@smallbuffer@items=\count314
\pgfsyssoftpath@bigbuffer@items=\count315
) (/nix/store/dryz6jxrnq7fkbwnvvabfidkhy4mg16f-texlive-combined-full-2021-final/share/texmf/tex/generic/pgf/systemlayer/pgfsysprotocol.code.tex
File: pgfsysprotocol.code.tex 2021/05/15 v3.1.9a (3.1.9a)
)) (/nix/store/dryz6jxrnq7fkbwnvvabfidkhy4mg16f-texlive-combined-full-2021-final/share/texmf/tex/generic/pgf/basiclayer/pgfcore.code.tex
Package: pgfcore 2021/05/15 v3.1.9a (3.1.9a)
 (/nix/store/dryz6jxrnq7fkbwnvvabfidkhy4mg16f-texlive-combined-full-2021-final/share/texmf/tex/generic/pgf/math/pgfmath.code.tex (/nix/store/dryz6jxrnq7fkbwnvvabfidkhy4mg16f-texlive-combined-full-2021-final/share/texmf/tex/generic/pgf/math/pgfmathcalc.code.tex
(/nix/store/dryz6jxrnq7fkbwnvvabfidkhy4mg16f-texlive-combined-full-2021-final/share/texmf/tex/generic/pgf/math/pgfmathutil.code.tex) (/nix/store/dryz6jxrnq7fkbwnvvabfidkhy4mg16f-texlive-combined-full-2021-final/share/texmf/tex/generic/pgf/math/pgfmathparser.code.tex
\pgfmath@dimen=\dimen261
\pgfmath@count=\count316
\pgfmath@box=\box62
\pgfmath@toks=\toks45
\pgfmath@stack@operand=\toks46
\pgfmath@stack@operation=\toks47
) (/nix/store/dryz6jxrnq7fkbwnvvabfidkhy4mg16f-texlive-combined-full-2021-final/share/texmf/tex/generic/pgf/math/pgfmathfunctions.code.tex (/nix/store/dryz6jxrnq7fkbwnvvabfidkhy4mg16f-texlive-combined-full-2021-final/share/texmf/tex/generic/pgf/math/pgfmathfunctions.basic.code.tex) (/nix/store/dryz6jxrnq7fkbwnvvabfidkhy4mg16f-texlive-combined-full-2021-final/share/texmf/tex/generic/pgf/math/pgfmathfunctions.trigonometric.code.tex) (/nix/store/dryz6jxrnq7fkbwnvvabfidkhy4mg16f-texlive-combined-full-2021-final/share/texmf/tex/generic/pgf/math/pgfmathfunctions.random.code.tex) (/nix/store/dryz6jxrnq7fkbwnvvabfidkhy4mg16f-texlive-combined-full-2021-final/share/texmf/tex/generic/pgf/math/pgfmathfunctions.comparison.code.tex)
(/nix/store/dryz6jxrnq7fkbwnvvabfidkhy4mg16f-texlive-combined-full-2021-final/share/texmf/tex/generic/pgf/math/pgfmathfunctions.base.code.tex) (/nix/store/dryz6jxrnq7fkbwnvvabfidkhy4mg16f-texlive-combined-full-2021-final/share/texmf/tex/generic/pgf/math/pgfmathfunctions.round.code.tex) (/nix/store/dryz6jxrnq7fkbwnvvabfidkhy4mg16f-texlive-combined-full-2021-final/share/texmf/tex/generic/pgf/math/pgfmathfunctions.misc.code.tex) (/nix/store/dryz6jxrnq7fkbwnvvabfidkhy4mg16f-texlive-combined-full-2021-final/share/texmf/tex/generic/pgf/math/pgfmathfunctions.integerarithmetics.code.tex))) (/nix/store/dryz6jxrnq7fkbwnvvabfidkhy4mg16f-texlive-combined-full-2021-final/share/texmf/tex/generic/pgf/math/pgfmathfloat.code.tex
\c@pgfmathroundto@lastzeros=\count317
)) (/nix/store/dryz6jxrnq7fkbwnvvabfidkhy4mg16f-texlive-combined-full-2021-final/share/texmf/tex/generic/pgf/math/pgfint.code.tex) (/nix/store/dryz6jxrnq7fkbwnvvabfidkhy4mg16f-texlive-combined-full-2021-final/share/texmf/tex/generic/pgf/basiclayer/pgfcorepoints.code.tex
File: pgfcorepoints.code.tex 2021/05/15 v3.1.9a (3.1.9a)
\pgf@picminx=\dimen262
\pgf@picmaxx=\dimen263
\pgf@picminy=\dimen264
\pgf@picmaxy=\dimen265
\pgf@pathminx=\dimen266
\pgf@pathmaxx=\dimen267
\pgf@pathminy=\dimen268
\pgf@pathmaxy=\dimen269
\pgf@xx=\dimen270
\pgf@xy=\dimen271
\pgf@yx=\dimen272
\pgf@yy=\dimen273
\pgf@zx=\dimen274
\pgf@zy=\dimen275
)
(/nix/store/dryz6jxrnq7fkbwnvvabfidkhy4mg16f-texlive-combined-full-2021-final/share/texmf/tex/generic/pgf/basiclayer/pgfcorepathconstruct.code.tex
File: pgfcorepathconstruct.code.tex 2021/05/15 v3.1.9a (3.1.9a)
\pgf@path@lastx=\dimen276
\pgf@path@lasty=\dimen277
) (/nix/store/dryz6jxrnq7fkbwnvvabfidkhy4mg16f-texlive-combined-full-2021-final/share/texmf/tex/generic/pgf/basiclayer/pgfcorepathusage.code.tex
File: pgfcorepathusage.code.tex 2021/05/15 v3.1.9a (3.1.9a)
\pgf@shorten@end@additional=\dimen278
\pgf@shorten@start@additional=\dimen279
) (/nix/store/dryz6jxrnq7fkbwnvvabfidkhy4mg16f-texlive-combined-full-2021-final/share/texmf/tex/generic/pgf/basiclayer/pgfcorescopes.code.tex
File: pgfcorescopes.code.tex 2021/05/15 v3.1.9a (3.1.9a)
\pgfpic=\box63
\pgf@hbox=\box64
\pgf@layerbox@main=\box65
\pgf@picture@serial@count=\count318
) (/nix/store/dryz6jxrnq7fkbwnvvabfidkhy4mg16f-texlive-combined-full-2021-final/share/texmf/tex/generic/pgf/basiclayer/pgfcoregraphicstate.code.tex
File: pgfcoregraphicstate.code.tex 2021/05/15 v3.1.9a (3.1.9a)
\pgflinewidth=\dimen280
) (/nix/store/dryz6jxrnq7fkbwnvvabfidkhy4mg16f-texlive-combined-full-2021-final/share/texmf/tex/generic/pgf/basiclayer/pgfcoretransformations.code.tex
File: pgfcoretransformations.code.tex 2021/05/15 v3.1.9a (3.1.9a)
\pgf@pt@x=\dimen281
\pgf@pt@y=\dimen282
\pgf@pt@temp=\dimen283
) (/nix/store/dryz6jxrnq7fkbwnvvabfidkhy4mg16f-texlive-combined-full-2021-final/share/texmf/tex/generic/pgf/basiclayer/pgfcorequick.code.tex
File: pgfcorequick.code.tex 2021/05/15 v3.1.9a (3.1.9a)
)
(/nix/store/dryz6jxrnq7fkbwnvvabfidkhy4mg16f-texlive-combined-full-2021-final/share/texmf/tex/generic/pgf/basiclayer/pgfcoreobjects.code.tex
File: pgfcoreobjects.code.tex 2021/05/15 v3.1.9a (3.1.9a)
) (/nix/store/dryz6jxrnq7fkbwnvvabfidkhy4mg16f-texlive-combined-full-2021-final/share/texmf/tex/generic/pgf/basiclayer/pgfcorepathprocessing.code.tex
File: pgfcorepathprocessing.code.tex 2021/05/15 v3.1.9a (3.1.9a)
) (/nix/store/dryz6jxrnq7fkbwnvvabfidkhy4mg16f-texlive-combined-full-2021-final/share/texmf/tex/generic/pgf/basiclayer/pgfcorearrows.code.tex
File: pgfcorearrows.code.tex 2021/05/15 v3.1.9a (3.1.9a)
\pgfarrowsep=\dimen284
) (/nix/store/dryz6jxrnq7fkbwnvvabfidkhy4mg16f-texlive-combined-full-2021-final/share/texmf/tex/generic/pgf/basiclayer/pgfcoreshade.code.tex
File: pgfcoreshade.code.tex 2021/05/15 v3.1.9a (3.1.9a)
\pgf@max=\dimen285
\pgf@sys@shading@range@num=\count319
\pgf@shadingcount=\count320
) (/nix/store/dryz6jxrnq7fkbwnvvabfidkhy4mg16f-texlive-combined-full-2021-final/share/texmf/tex/generic/pgf/basiclayer/pgfcoreimage.code.tex
File: pgfcoreimage.code.tex 2021/05/15 v3.1.9a (3.1.9a)
 (/nix/store/dryz6jxrnq7fkbwnvvabfidkhy4mg16f-texlive-combined-full-2021-final/share/texmf/tex/generic/pgf/basiclayer/pgfcoreexternal.code.tex
File: pgfcoreexternal.code.tex 2021/05/15 v3.1.9a (3.1.9a)
\pgfexternal@startupbox=\box66
)) (/nix/store/dryz6jxrnq7fkbwnvvabfidkhy4mg16f-texlive-combined-full-2021-final/share/texmf/tex/generic/pgf/basiclayer/pgfcorelayers.code.tex
File: pgfcorelayers.code.tex 2021/05/15 v3.1.9a (3.1.9a)
)
(/nix/store/dryz6jxrnq7fkbwnvvabfidkhy4mg16f-texlive-combined-full-2021-final/share/texmf/tex/generic/pgf/basiclayer/pgfcoretransparency.code.tex
File: pgfcoretransparency.code.tex 2021/05/15 v3.1.9a (3.1.9a)
) (/nix/store/dryz6jxrnq7fkbwnvvabfidkhy4mg16f-texlive-combined-full-2021-final/share/texmf/tex/generic/pgf/basiclayer/pgfcorepatterns.code.tex
File: pgfcorepatterns.code.tex 2021/05/15 v3.1.9a (3.1.9a)
) (/nix/store/dryz6jxrnq7fkbwnvvabfidkhy4mg16f-texlive-combined-full-2021-final/share/texmf/tex/generic/pgf/basiclayer/pgfcorerdf.code.tex
File: pgfcorerdf.code.tex 2021/05/15 v3.1.9a (3.1.9a)
))) (/nix/store/dryz6jxrnq7fkbwnvvabfidkhy4mg16f-texlive-combined-full-2021-final/share/texmf/tex/generic/pgf/modules/pgfmoduleshapes.code.tex
File: pgfmoduleshapes.code.tex 2021/05/15 v3.1.9a (3.1.9a)
\pgfnodeparttextbox=\box67
) (/nix/store/dryz6jxrnq7fkbwnvvabfidkhy4mg16f-texlive-combined-full-2021-final/share/texmf/tex/generic/pgf/modules/pgfmoduleplot.code.tex
File: pgfmoduleplot.code.tex 2021/05/15 v3.1.9a (3.1.9a)
) (/nix/store/dryz6jxrnq7fkbwnvvabfidkhy4mg16f-texlive-combined-full-2021-final/share/texmf/tex/latex/pgf/compatibility/pgfcomp-version-0-65.sty
Package: pgfcomp-version-0-65 2021/05/15 v3.1.9a (3.1.9a)
\pgf@nodesepstart=\dimen286
\pgf@nodesepend=\dimen287
) (/nix/store/dryz6jxrnq7fkbwnvvabfidkhy4mg16f-texlive-combined-full-2021-final/share/texmf/tex/latex/pgf/compatibility/pgfcomp-version-1-18.sty
Package: pgfcomp-version-1-18 2021/05/15 v3.1.9a (3.1.9a)
))
(/nix/store/dryz6jxrnq7fkbwnvvabfidkhy4mg16f-texlive-combined-full-2021-final/share/texmf/tex/latex/pgf/utilities/pgffor.sty (/nix/store/dryz6jxrnq7fkbwnvvabfidkhy4mg16f-texlive-combined-full-2021-final/share/texmf/tex/latex/pgf/utilities/pgfkeys.sty (/nix/store/dryz6jxrnq7fkbwnvvabfidkhy4mg16f-texlive-combined-full-2021-final/share/texmf/tex/generic/pgf/utilities/pgfkeys.code.tex)) (/nix/store/dryz6jxrnq7fkbwnvvabfidkhy4mg16f-texlive-combined-full-2021-final/share/texmf/tex/latex/pgf/math/pgfmath.sty (/nix/store/dryz6jxrnq7fkbwnvvabfidkhy4mg16f-texlive-combined-full-2021-final/share/texmf/tex/generic/pgf/math/pgfmath.code.tex)) (/nix/store/dryz6jxrnq7fkbwnvvabfidkhy4mg16f-texlive-combined-full-2021-final/share/texmf/tex/generic/pgf/utilities/pgffor.code.tex
Package: pgffor 2021/05/15 v3.1.9a (3.1.9a)
 (/nix/store/dryz6jxrnq7fkbwnvvabfidkhy4mg16f-texlive-combined-full-2021-final/share/texmf/tex/generic/pgf/math/pgfmath.code.tex)
\pgffor@iter=\dimen288
\pgffor@skip=\dimen289
\pgffor@stack=\toks48
\pgffor@toks=\toks49
))
(/nix/store/dryz6jxrnq7fkbwnvvabfidkhy4mg16f-texlive-combined-full-2021-final/share/texmf/tex/generic/pgf/frontendlayer/tikz/tikz.code.tex
Package: tikz 2021/05/15 v3.1.9a (3.1.9a)
 (/nix/store/dryz6jxrnq7fkbwnvvabfidkhy4mg16f-texlive-combined-full-2021-final/share/texmf/tex/generic/pgf/libraries/pgflibraryplothandlers.code.tex
File: pgflibraryplothandlers.code.tex 2021/05/15 v3.1.9a (3.1.9a)
\pgf@plot@mark@count=\count321
\pgfplotmarksize=\dimen290
)
\tikz@lastx=\dimen291
\tikz@lasty=\dimen292
\tikz@lastxsaved=\dimen293
\tikz@lastysaved=\dimen294
\tikz@lastmovetox=\dimen295
\tikz@lastmovetoy=\dimen296
\tikzleveldistance=\dimen297
\tikzsiblingdistance=\dimen298
\tikz@figbox=\box68
\tikz@figbox@bg=\box69
\tikz@tempbox=\box70
\tikz@tempbox@bg=\box71
\tikztreelevel=\count322
\tikznumberofchildren=\count323
\tikznumberofcurrentchild=\count324
\tikz@fig@count=\count325
 (/nix/store/dryz6jxrnq7fkbwnvvabfidkhy4mg16f-texlive-combined-full-2021-final/share/texmf/tex/generic/pgf/modules/pgfmodulematrix.code.tex
File: pgfmodulematrix.code.tex 2021/05/15 v3.1.9a (3.1.9a)
\pgfmatrixcurrentrow=\count326
\pgfmatrixcurrentcolumn=\count327
\pgf@matrix@numberofcolumns=\count328
)
\tikz@expandcount=\count329
 (/nix/store/dryz6jxrnq7fkbwnvvabfidkhy4mg16f-texlive-combined-full-2021-final/share/texmf/tex/generic/pgf/frontendlayer/tikz/libraries/tikzlibrarytopaths.code.tex
File: tikzlibrarytopaths.code.tex 2021/05/15 v3.1.9a (3.1.9a)
))) (/nix/store/dryz6jxrnq7fkbwnvvabfidkhy4mg16f-texlive-combined-full-2021-final/share/texmf/tex/latex/tikz-qtree/tikz-qtree.sty (/nix/store/dryz6jxrnq7fkbwnvvabfidkhy4mg16f-texlive-combined-full-2021-final/share/texmf/tex/latex/tikz-qtree/pgftree.sty (/nix/store/dryz6jxrnq7fkbwnvvabfidkhy4mg16f-texlive-combined-full-2021-final/share/texmf/tex/latex/tikz-qtree/pgfsubpic.sty
(/nix/store/dryz6jxrnq7fkbwnvvabfidkhy4mg16f-texlive-combined-full-2021-final/share/texmf/tex/latex/tikz-qtree/pgfsubpic.tex
\pgf@subpicminx=\dimen299
\pgf@subpicminy=\dimen300
\pgf@subpicmaxx=\dimen301
\pgf@subpicmaxy=\dimen302
)) (/nix/store/dryz6jxrnq7fkbwnvvabfidkhy4mg16f-texlive-combined-full-2021-final/share/texmf/tex/latex/tikz-qtree/pgftree.tex
\levelsep=\dimen303
\subtreesep=\dimen304
\smuggle@levelsep=\dimen305
\smuggle@subtreesep=\dimen306
\this@levelsep=\dimen307
\this@subtreesep=\dimen308
\pgftree@childx=\dimen309
\pgftree@savechildx=\dimen310
\pgftree@childy=\dimen311
\pgftree@savechildy=\dimen312
\pgftree@childi=\count330
\pgftree@savechildi=\count331
\pgftree@level=\count332
\pgftree@depth=\dimen313
\pgf@subpic@hbox@children=\box72
\pgf@subpic@minx@children=\dimen314
\pgf@subpic@miny@children=\dimen315
\pgf@subpic@maxx@children=\dimen316
\pgf@subpic@maxy@children=\dimen317
\pgftree@lastchildx=\dimen318
\pgftree@lastchildy=\dimen319
)) (/nix/store/dryz6jxrnq7fkbwnvvabfidkhy4mg16f-texlive-combined-full-2021-final/share/texmf/tex/latex/tikz-qtree/tikz-qtree.tex
\@result=\toks50
\child@list=\toks51
\root@node=\toks52
)) (/nix/store/dryz6jxrnq7fkbwnvvabfidkhy4mg16f-texlive-combined-full-2021-final/share/texmf/tex/generic/pgf/libraries/pgflibraryarrows.meta.code.tex
File: pgflibraryarrows.meta.code.tex 2021/05/15 v3.1.9a (3.1.9a)
\pgfarrowinset=\dimen320
\pgfarrowlength=\dimen321
\pgfarrowwidth=\dimen322
\pgfarrowlinewidth=\dimen323
) (/nix/store/dryz6jxrnq7fkbwnvvabfidkhy4mg16f-texlive-combined-full-2021-final/share/texmf/tex/generic/pgf/frontendlayer/tikz/libraries/tikzlibraryshapes.misc.code.tex
File: tikzlibraryshapes.misc.code.tex 2021/05/15 v3.1.9a (3.1.9a)
 (/nix/store/dryz6jxrnq7fkbwnvvabfidkhy4mg16f-texlive-combined-full-2021-final/share/texmf/tex/generic/pgf/libraries/shapes/pgflibraryshapes.misc.code.tex
File: pgflibraryshapes.misc.code.tex 2021/05/15 v3.1.9a (3.1.9a)
))
(/nix/store/dryz6jxrnq7fkbwnvvabfidkhy4mg16f-texlive-combined-full-2021-final/share/texmf/tex/generic/pgf/frontendlayer/tikz/libraries/tikzlibrarypositioning.code.tex
File: tikzlibrarypositioning.code.tex 2021/05/15 v3.1.9a (3.1.9a)
)
\c@exmp=\count333
 (/nix/store/dryz6jxrnq7fkbwnvvabfidkhy4mg16f-texlive-combined-full-2021-final/share/texmf/tex/latex/algorithm2e/algorithm2e.sty
Package: algorithm2e 2017/07/18 v5.2 algorithms environments
\c@AlgoLine=\count334
\algocf@hangindent=\skip76
 (/nix/store/dryz6jxrnq7fkbwnvvabfidkhy4mg16f-texlive-combined-full-2021-final/share/texmf/tex/latex/ifoddpage/ifoddpage.sty
Package: ifoddpage 2016/04/23 v1.1 Conditionals for odd/even page detection
\c@checkoddpage=\count335
) (/nix/store/dryz6jxrnq7fkbwnvvabfidkhy4mg16f-texlive-combined-full-2021-final/share/texmf/tex/latex/tools/xspace.sty
Package: xspace 2014/10/28 v1.13 Space after command names (DPC,MH)
) (/nix/store/dryz6jxrnq7fkbwnvvabfidkhy4mg16f-texlive-combined-full-2021-final/share/texmf/tex/latex/relsize/relsize.sty
Package: relsize 2013/03/29 ver 4.1
LaTeX Info: Redefining \larger on input line 150.
LaTeX Info: Redefining \smaller on input line 151.
)
\skiptotal=\skip77
\skiplinenumber=\skip78
\skiprule=\skip79
\skiphlne=\skip80
\skiptext=\skip81
\skiplength=\skip82
\algomargin=\skip83
\skipalgocfslide=\skip84
\algowidth=\dimen324
\inoutsize=\dimen325
\inoutindent=\dimen326
\interspacetitleruled=\dimen327
\interspacealgoruled=\dimen328
\interspacetitleboxruled=\dimen329
\algocf@ruledwidth=\skip85
\algocf@inoutbox=\box73
\algocf@inputbox=\box74
\AlCapSkip=\skip86
\AlCapHSkip=\skip87
\algoskipindent=\skip88
\algocf@nlbox=\box75
\algocf@hangingbox=\box76
\algocf@untilbox=\box77
\algocf@skipuntil=\skip89
\algocf@capbox=\box78
\algocf@lcaptionbox=\skip90
\algoheightruledefault=\skip91
\algoheightrule=\skip92
\algotitleheightruledefault=\skip93
\algotitleheightrule=\skip94
\c@algocfline=\count336
\c@algocfproc=\count337
\c@algocf=\count338
\algocf@algoframe=\box79
\algocf@algobox=\box80
)
LaTeX Font Info:    Trying to load font information for OT1+LinuxLibertineT-TLF on input line 128.
 (/nix/store/dryz6jxrnq7fkbwnvvabfidkhy4mg16f-texlive-combined-full-2021-final/share/texmf/tex/latex/libertine/OT1LinuxLibertineT-TLF.fd
File: OT1LinuxLibertineT-TLF.fd 2017/03/20 (autoinst) Font definitions for OT1/LinuxLibertineT-TLF.
)
LaTeX Font Info:    Font shape `OT1/LinuxLibertineT-TLF/m/n' will be
(Font)              scaled to size 9.0pt on input line 128.
<<ot1.cmap>>
LaTeX Font Info:    Font shape `OT1/LinuxLibertineT-TLF/m/n' will be
(Font)              scaled to size 7.3pt on input line 128.
LaTeX Font Info:    Font shape `OT1/LinuxLibertineT-TLF/m/n' will be
(Font)              scaled to size 5.5pt on input line 128.
LaTeX Font Info:    Trying to load font information for OML+nxlmi on input line 128.
 (/nix/store/dryz6jxrnq7fkbwnvvabfidkhy4mg16f-texlive-combined-full-2021-final/share/texmf/tex/latex/newtx/omlnxlmi.fd
File: omlnxlmi.fd 2013/11/19 Fontinst v1.933 font definitions for OML/nxlmi.
)<<oml.cmap>>
LaTeX Font Info:    Trying to load font information for LMS+ntxsy on input line 128.

(/nix/store/dryz6jxrnq7fkbwnvvabfidkhy4mg16f-texlive-combined-full-2021-final/share/texmf/tex/latex/newtx/lmsntxsy.fd
File: lmsntxsy.fd 2016/07/02 Fontinst v1.933 font definitions for LMS/ntxsy.
)
LaTeX Font Info:    Trying to load font information for LMX+ntxexx on input line 128.
 (/nix/store/dryz6jxrnq7fkbwnvvabfidkhy4mg16f-texlive-combined-full-2021-final/share/texmf/tex/latex/newtx/lmxntxexx.fd
File: lmxntxexx.fd 2016/07/03 Fontinst v1.933 font definitions for LMX/ntxexx.
)
LaTeX Font Info:    Trying to load font information for U+msa on input line 128.
 (/nix/store/dryz6jxrnq7fkbwnvvabfidkhy4mg16f-texlive-combined-full-2021-final/share/texmf/tex/latex/amsfonts/umsa.fd
File: umsa.fd 2013/01/14 v3.01 AMS symbols A
)
LaTeX Font Info:    Trying to load font information for U+msb on input line 128.
 (/nix/store/dryz6jxrnq7fkbwnvvabfidkhy4mg16f-texlive-combined-full-2021-final/share/texmf/tex/latex/amsfonts/umsb.fd
File: umsb.fd 2013/01/14 v3.01 AMS symbols B
)
LaTeX Font Info:    Trying to load font information for U+ntxmia on input line 128.
 (/nix/store/dryz6jxrnq7fkbwnvvabfidkhy4mg16f-texlive-combined-full-2021-final/share/texmf/tex/latex/newtx/untxmia.fd
File: untxmia.fd 2018/04/14 Fontinst v1.933 font definitions for U/ntxmia.
)
LaTeX Font Info:    Trying to load font information for U+ntxsym on input line 128.
 (/nix/store/dryz6jxrnq7fkbwnvvabfidkhy4mg16f-texlive-combined-full-2021-final/share/texmf/tex/latex/newtx/untxsym.fd
File: untxsym.fd 2015/03/20 Fontinst v1.933 font definitions for U/ntxsym.
)
LaTeX Font Info:    Trying to load font information for U+ntxsyc on input line 128.
 (/nix/store/dryz6jxrnq7fkbwnvvabfidkhy4mg16f-texlive-combined-full-2021-final/share/texmf/tex/latex/newtx/untxsyc.fd
File: untxsyc.fd 2012/04/12 Fontinst v1.933 font definitions for U/ntxsyc.
)
LaTeX Font Info:    Trying to load font information for U+ntxexa on input line 128.
 (/nix/store/dryz6jxrnq7fkbwnvvabfidkhy4mg16f-texlive-combined-full-2021-final/share/texmf/tex/latex/newtx/untxexa.fd
File: untxexa.fd 2012/04/16 Fontinst v1.933 font definitions for U/ntxexa.
)
LaTeX Font Info:    Font shape `T1/LinuxLibertineT-TLF/m/n' will be
(Font)              scaled to size 10.0pt on input line 128.
LaTeX Font Info:    Font shape `T1/LinuxLibertineT-TLF/m/n' will be
(Font)              scaled to size 7.0pt on input line 128.
LaTeX Font Info:    Font shape `T1/LinuxLibertineT-TLF/b/n' will be
(Font)              scaled to size 9.0pt on input line 128.
LaTeX Font Info:    Font shape `T1/LinuxLibertineT-TLF/b/it' will be
(Font)              scaled to size 9.0pt on input line 128.
LaTeX Font Info:    Font shape `T1/LinuxLibertineT-TLF/m/it' will be
(Font)              scaled to size 9.0pt on input line 128.
LaTeX Font Info:    Trying to load font information for T1+zi4 on input line 128.

(/nix/store/dryz6jxrnq7fkbwnvvabfidkhy4mg16f-texlive-combined-full-2021-final/share/texmf/tex/latex/inconsolata/t1zi4.fd
File: t1zi4.fd 2018/01/14 T1/zi4 (Inconsolata)
)
LaTeX Font Info:    Font shape `T1/zi4/m/n' will be
(Font)              scaled to size 9.0pt on input line 128.
LaTeX Font Info:    Trying to load font information for T1+LinuxBiolinumT-TLF on input line 128.
 (/nix/store/dryz6jxrnq7fkbwnvvabfidkhy4mg16f-texlive-combined-full-2021-final/share/texmf/tex/latex/libertine/T1LinuxBiolinumT-TLF.fd
File: T1LinuxBiolinumT-TLF.fd 2017/03/20 (autoinst) Font definitions for T1/LinuxBiolinumT-TLF.
)
LaTeX Font Info:    Font shape `T1/LinuxBiolinumT-TLF/m/n' will be
(Font)              scaled to size 9.0pt on input line 128.
 )
Beginning to dump on file prv_b2bdatalog.fmt
 (preloaded format=prv_b2bdatalog 2022.11.2)
52642 strings of total length 1016511
861888 memory locations dumped; current usage is 943&858676
48399 multiletter control sequences
\font\nullfont=nullfont
\font\c__fp_exp_intarray=cmr10 at 0.00002pt
\font\c__fp_trig_intarray=cmr10 at 0.00003pt
\font\c_initex_cctab=cmr10 at 0.00005pt
\font\c_other_cctab=cmr10 at 0.00006pt
\font\c_str_cctab=cmr10 at 0.00008pt
\font\g__regex_state_active_intarray=cmr10 at 0.00009pt
\font\g__regex_thread_info_intarray=cmr10 at 0.0001pt
\font\g__regex_submatch_prev_intarray=cmr10 at 0.00012pt
\font\g__regex_submatch_begin_intarray=cmr10 at 0.00014pt
\font\g__regex_submatch_end_intarray=cmr10 at 0.00015pt
\font\g__regex_submatch_case_intarray=cmr10 at 0.00017pt
\font\g__regex_balance_intarray=cmr10 at 0.00018pt
\font\OMX/cmex/m/n/10=cmex10
\font\tenln=line10
\font\tenlnw=linew10
\font\tencirc=lcircle10
\font\tencircw=lcirclew10
\font\OT1/cmr/m/n/5=cmr5
\font\OT1/cmr/m/n/7=cmr7
\font\OT1/cmr/m/n/10=cmr10
\font\OML/cmm/m/it/5=cmmi5
\font\OML/cmm/m/it/7=cmmi7
\font\OML/cmm/m/it/10=cmmi10
\font\OMS/cmsy/m/n/5=cmsy5
\font\OMS/cmsy/m/n/7=cmsy7
\font\OMS/cmsy/m/n/10=cmsy10
\font\c_code_cctab=cmr10 at 0.0002pt
\font\c_document_cctab=cmr10 at 0.00021pt
\font\OT1/cmr/m/n/9=cmr9
\font\T1/cmr/m/n/9=ecrm0900
\font\T1/LinuxLibertineT-TLF/m/n/9=LinLibertineT-tlf-t1 at 9.0pt
\font\OT1/LinuxLibertineT-TLF/m/n/9=LinLibertineT-tlf-ot1 at 9.0pt
\font\OT1/LinuxLibertineT-TLF/m/n/7.3=LinLibertineT-tlf-ot1 at 7.3pt
\font\OT1/LinuxLibertineT-TLF/m/n/5.5=LinLibertineT-tlf-ot1 at 5.5pt
\font\OML/nxlmi/m/it/9=nxlmi at 9.0pt
\font\OML/nxlmi/m/it/7.3=nxlmi7 at 7.3pt
\font\OML/nxlmi/m/it/5.5=nxlmi5 at 5.5pt
\font\LMS/ntxsy/m/n/9=ntxsy at 9.0pt
\font\LMS/ntxsy/m/n/7.3=ntxsy7 at 7.3pt
\font\LMS/ntxsy/m/n/5.5=ntxsy5 at 5.5pt
\font\LMX/ntxexx/m/n/9=ntxexx at 9.0pt
\font\LMX/ntxexx/m/n/7.3=ntxexx at 7.3pt
\font\LMX/ntxexx/m/n/5.5=ntxexx at 5.5pt
\font\U/msa/m/n/9=msam10 at 9.0pt
\font\U/msa/m/n/7.3=msam7 at 7.3pt
\font\U/msa/m/n/5.5=msam5 at 5.5pt
\font\U/msb/m/n/9=msbm10 at 9.0pt
\font\U/msb/m/n/7.3=msbm7 at 7.3pt
\font\U/msb/m/n/5.5=msbm5 at 5.5pt
\font\U/ntxmia/m/it/9=nxlmia at 9.0pt
\font\U/ntxmia/m/it/7.3=nxlmia at 7.3pt
\font\U/ntxmia/m/it/5.5=nxlmia at 5.5pt
\font\U/ntxsym/m/n/9=ntxsym at 9.0pt
\font\U/ntxsym/m/n/7.3=ntxsym at 7.3pt
\font\U/ntxsym/m/n/5.5=ntxsym at 5.5pt
\font\U/ntxsyc/m/n/9=ntxsyc at 9.0pt
\font\U/ntxsyc/m/n/7.3=ntxsyc at 7.3pt
\font\U/ntxsyc/m/n/5.5=ntxsyc at 5.5pt
\font\U/ntxexa/m/n/9=ntxexa at 9.0pt
\font\U/ntxexa/m/n/7.3=ntxexa at 7.3pt
\font\U/ntxexa/m/n/5.5=ntxexa at 5.5pt
\font\T1/LinuxLibertineT-TLF/m/n/10=LinLibertineT-tlf-t1
\font\T1/LinuxLibertineT-TLF/m/n/7=LinLibertineT-tlf-t1 at 7.0pt
\font\T1/LinuxLibertineT-TLF/b/n/9=LinLibertineTB-tlf-t1 at 9.0pt
\font\T1/LinuxLibertineT-TLF/b/it/9=LinLibertineTBI-tlf-t1 at 9.0pt
\font\T1/LinuxLibertineT-TLF/m/it/9=LinLibertineTI-tlf-t1 at 9.0pt
\font\T1/zi4/m/n/9=t1-zi4r-4 at 9.0pt
\font\T1/LinuxBiolinumT-TLF/m/n/9=LinBiolinumT-tlf-t1 at 9.0pt
519471 words of font info for 68 preloaded fonts
1302 hyphenation exceptions
Hyphenation trie of length 427569 has 8835 ops out of 35111
  143 for language 86
  110 for language 85
  138 for language 84
  7 for language 83
  12 for language 82
  53 for language 81
  127 for language 80
  195 for language 79
  71 for language 78
  248 for language 77
  62 for language 76
  66 for language 75
  119 for language 73
  43 for language 72
  58 for language 71
  7 for language 70
  194 for language 69
  37 for language 68
  23 for language 67
  852 for language 66
  852 for language 65
  21 for language 64
  38 for language 63
  38 for language 62
  77 for language 61
  58 for language 60
  206 for language 59
  25 for language 58
  216 for language 57
  27 for language 56
  37 for language 55
  229 for language 54
  38 for language 53
  21 for language 52
  147 for language 39
  185 for language 38
  18 for language 37
  50 for language 36
  420 for language 35
  235 for language 34
  207 for language 33
  39 for language 32
  76 for language 31
  40 for language 30
  89 for language 29
  6 for language 28
  31 for language 27
  113 for language 24
  145 for language 23
  377 for language 22
  224 for language 21
  265 for language 20
  60 for language 19
  63 for language 18
  19 for language 17
  14 for language 16
  3 for language 14
  21 for language 13
  54 for language 12
  36 for language 11
  5 for language 10
  148 for language 7
  97 for language 6
  137 for language 5
  438 for language 4
  442 for language 3
  2 for language 1
  181 for language 0
12 words of pdfTeX memory
6 indirect objects
No pages of output.

pdfTeX warning: /home/rucy/.nix-profile/bin/pdflatex: dangling objects discarded, no output file produced.

PDF statistics:
 6 PDF objects out of 1000 (max. 8388607)
 0 named destinations out of 1000 (max. 500000)
 13 words of extra memory for PDF output out of 10000 (max. 10000000)

